BLOCK00/SES002/SA002S12	SES002	0.962356	10.2044	9.24205
BLOCK00/SES002/SA002S13	SES002	1.67387	10.1119	8.43798
BLOCK00/SES002/SA002S23	SES002	0.956575	10.327	9.37044
BLOCK00/SES002/SA002S26	SES002	1.28485	10.6676	9.38279
BLOCK00/SES002/SA002S28	SES002	1.14928	9.5027	8.35342
BLOCK00/SES007/SA007S14	SES007	2.49581	12.5454	10.0495
BLOCK00/SES007/SA007S15	SES007	0.94607	10.3784	9.4323
BLOCK00/SES007/SA007S24	SES007	1.19023	10.6449	9.45464
BLOCK00/SES007/SA007S27	SES007	1.20633	9.82728	8.62095
BLOCK00/SES007/SA007S29	SES007	0.579753	10.6102	10.0305
BLOCK00/SES008/SA008S11	SES008	1.94596	11.4302	9.48426
BLOCK00/SES008/SA008S12	SES008	0.788501	10.3872	9.59865
BLOCK00/SES008/SA008S19	SES008	1.77712	12.3989	10.6218
BLOCK00/SES008/SA008S22	SES008	1.38137	10.0768	8.69543
BLOCK00/SES008/SA008S29	SES008	2.34893	12.4193	10.0704
BLOCK01/SES014/SA014S10	SES014	2.38366	11.494	9.11034
BLOCK01/SES014/SA014S12	SES014	2.95578	13.6546	10.6988
BLOCK01/SES014/SA014S24	SES014	1.06759	11.1935	10.1259
BLOCK01/SES014/SA014S26	SES014	2.42344	13.8458	11.4223
BLOCK01/SES014/SA014S28	SES014	3.47886	14.3157	10.8368
BLOCK01/SES016/SA016S12	SES016	1.67253	9.64454	7.97201
BLOCK01/SES016/SA016S13	SES016	2.33452	12.1105	9.77602
BLOCK01/SES016/SA016S22	SES016	2.10526	11.4979	9.39266
BLOCK01/SES016/SA016S25	SES016	2.3503	13.0494	10.6991
BLOCK01/SES016/SA016S27	SES016	2.53592	12.9726	10.4367
BLOCK01/SES019/SA019S13	SES019	3.27377	9.90638	6.63261
BLOCK01/SES019/SA019S14	SES019	2.4223	9.87956	7.45726
BLOCK01/SES019/SA019S22	SES019	2.74338	10.2718	7.52839
BLOCK01/SES019/SA019S25	SES019	2.75577	10.6983	7.94254
BLOCK01/SES019/SA019S29	SES019	3.90019	10.6655	6.76532
BLOCK02/SES029/SA029S11	SES029	1.67295	11.6249	9.95196
BLOCK02/SES029/SA029S12	SES029	0.808324	11.5337	10.7254
BLOCK02/SES029/SA029S20	SES029	1.27605	11.3452	10.0691
BLOCK02/SES029/SA029S25	SES029	1.43044	11.6672	10.2368
BLOCK02/SES029/SA029S28	SES029	0.749021	10.9289	10.1799
BLOCK04/SES042/SA042S12	SES042	2.05178	11.8632	9.81139
BLOCK04/SES042/SA042S15	SES042	2.35095	12.2947	9.94376
BLOCK04/SES042/SA042S22	SES042	3.26003	13.8491	10.5891
BLOCK04/SES042/SA042S25	SES042	1.67157	10.3178	8.64626
BLOCK04/SES042/SA042S27	SES042	2.05952	12.6965	10.6369
BLOCK04/SES048/SA048S11	SES048	1.58428	11.6713	10.087
BLOCK04/SES048/SA048S12	SES048	1.05113	11.0646	10.0135
BLOCK04/SES048/SA048S20	SES048	0.860974	11.3577	10.4968
BLOCK04/SES048/SA048S23	SES048	1.59158	10.8297	9.23807
BLOCK04/SES048/SA048S27	SES048	1.21932	12.0848	10.8655
BLOCK06/SES060/SA060S11	SES060	2.16685	12.6514	10.4845
BLOCK06/SES060/SA060S12	SES060	0.187778	10.3824	10.1946
BLOCK06/SES060/SA060S22	SES060	0.0429621	8.77296	8.72999
BLOCK06/SES060/SA060S24	SES060	1.47998	12.2634	10.7834
BLOCK06/SES060/SA060S28	SES060	1.45936	13.4137	11.9543
BLOCK06/SES062/SA062S10	SES062	0.748664	11.1462	10.3975
BLOCK06/SES062/SA062S11	SES062	1.83324	11.0903	9.25704
BLOCK06/SES062/SA062S21	SES062	2.59046	14.4488	11.8583
BLOCK06/SES062/SA062S26	SES062	1.52608	12.4484	10.9223
BLOCK06/SES062/SA062S29	SES062	2.15085	13.618	11.4671
BLOCK06/SES068/SA068S14	SES068	0.789936	11.1329	10.343
BLOCK06/SES068/SA068S15	SES068	1.65979	12.2153	10.5555
BLOCK06/SES068/SA068S23	SES068	1.28026	10.4845	9.20421
BLOCK06/SES068/SA068S27	SES068	2.33805	13.2795	10.9415
BLOCK06/SES068/SA068S29	SES068	1.21487	11.0563	9.84143
BLOCK08/SES082/SA082S12	SES082	0.51556	9.26617	8.75061
BLOCK08/SES082/SA082S14	SES082	0.876075	9.21002	8.33394
BLOCK08/SES082/SA082S21	SES082	0.508932	9.20076	8.69183
BLOCK08/SES082/SA082S24	SES082	0.79934	10.5744	9.7751
BLOCK08/SES082/SA082S28	SES082	0.803466	9.66161	8.85815
BLOCK08/SES083/SA083S14	SES083	0.452132	10.8811	10.429
BLOCK08/SES083/SA083S15	SES083	0.777347	11.1306	10.3533
BLOCK08/SES083/SA083S24	SES083	0.961429	10.7896	9.82822
BLOCK08/SES083/SA083S26	SES083	1.3179	10.7021	9.38424
BLOCK08/SES083/SA083S29	SES083	0.377278	10.7182	10.3409
BLOCK08/SES085/SA085S10	SES085	1.1551	11.4018	10.2467
BLOCK08/SES085/SA085S13	SES085	0.476925	10.3926	9.91564
BLOCK08/SES085/SA085S22	SES085	0.641218	11.2978	10.6566
BLOCK08/SES085/SA085S26	SES085	0.933039	11.5435	10.6105
BLOCK08/SES085/SA085S28	SES085	1.83998	11.8844	10.0444
BLOCK08/SES087/SA087S15	SES087	1.71804	10.5377	8.81965
BLOCK08/SES087/SA087S16	SES087	1.6643	10.5698	8.90546
BLOCK08/SES087/SA087S24	SES087	1.59781	10.9037	9.30587
BLOCK08/SES087/SA087S26	SES087	1.14777	11.4806	10.3328
BLOCK08/SES087/SA087S29	SES087	1.77582	10.749	8.97314
BLOCK09/SES099/SA099S15	SES099	1.62507	9.88923	8.26416
BLOCK09/SES099/SA099S16	SES099	1.45076	10.1057	8.65492
BLOCK09/SES099/SA099S24	SES099	1.35735	10.447	9.08965
BLOCK09/SES099/SA099S26	SES099	1.47491	10.1529	8.67796
BLOCK09/SES099/SA099S29	SES099	1.93688	10.8243	8.88745
BLOCK10/SES101/SA101S11	SES101	0.740806	10.3744	9.63357
BLOCK10/SES101/SA101S13	SES101	2.2477	12.9698	10.7221
BLOCK10/SES101/SA101S22	SES101	1.11957	10.3281	9.20854
BLOCK10/SES101/SA101S24	SES101	2.09024	11.2301	9.1399
BLOCK10/SES101/SA101S28	SES101	0.942568	10.4637	9.52114
BLOCK10/SES104/SA104S11	SES104	2.22446	12.7321	10.5077
BLOCK10/SES104/SA104S12	SES104	1.99063	11.1737	9.1831
BLOCK10/SES104/SA104S21	SES104	1.90019	10.8683	8.9681
BLOCK10/SES104/SA104S24	SES104	1.2646	10.5847	9.32009
BLOCK10/SES104/SA104S28	SES104	1.46202	11.1396	9.67757
BLOCK10/SES105/SA105S12	SES105	1.3463	9.49994	8.15364
BLOCK10/SES105/SA105S13	SES105	1.47078	9.73536	8.26458
BLOCK10/SES105/SA105S22	SES105	1.08925	8.92763	7.83838
BLOCK10/SES105/SA105S26	SES105	1.67521	9.67443	7.99921
BLOCK10/SES105/SA105S29	SES105	1.84577	10.8461	9.00034
BLOCK10/SES106/SA106S09	SES106	1.2091	8.74493	7.53583
BLOCK10/SES106/SA106S11	SES106	1.76711	10.7895	9.0224
BLOCK10/SES106/SA106S22	SES106	3.44358	10.8134	7.36983
BLOCK10/SES106/SA106S27	SES106	1.74909	10.0712	8.32208
BLOCK10/SES106/SA106S29	SES106	1.29412	9.64418	8.35006
BLOCK11/SES117/SA117S12	SES117	0.742276	9.82365	9.08138
BLOCK11/SES117/SA117S13	SES117	0.798241	10.5659	9.76767
BLOCK11/SES117/SA117S23	SES117	1.77068	9.35429	7.58361
BLOCK11/SES117/SA117S25	SES117	1.62267	9.21748	7.59481
BLOCK11/SES117/SA117S28	SES117	1.331	9.39718	8.06618
BLOCK12/SES120/SA120S08	SES120	0.813939	8.86535	8.05141
BLOCK12/SES120/SA120S11	SES120	0.540276	6.59422	6.05395
BLOCK12/SES120/SA120S22	SES120	0.415037	10.4238	10.0088
BLOCK12/SES120/SA120S24	SES120	1.25749	9.59484	8.33735
BLOCK12/SES120/SA120S28	SES120	0.610781	7.59104	6.98026
BLOCK12/SES125/SA125S13	SES125	2.08907	10.7586	8.66948
BLOCK12/SES125/SA125S14	SES125	1.15455	9.55057	8.39601
BLOCK12/SES125/SA125S25	SES125	2.03106	11.0534	9.02236
BLOCK12/SES125/SA125S27	SES125	2.36698	12.2719	9.90494
BLOCK12/SES125/SA125S29	SES125	2.01112	10.8039	8.79281
BLOCK12/SES127/SA127S11	SES127	1.56509	10.4423	8.87718
BLOCK12/SES127/SA127S12	SES127	0.860815	11.2539	10.3931
BLOCK12/SES127/SA127S23	SES127	1.00069	10.8282	9.82752
BLOCK12/SES127/SA127S25	SES127	0.600972	10.0362	9.43527
BLOCK12/SES127/SA127S27	SES127	1.72554	11.4499	9.72432
BLOCK12/SES129/SA129S11	SES129	1.82332	11.9976	10.1743
BLOCK12/SES129/SA129S12	SES129	1.81693	12.1004	10.2835
BLOCK12/SES129/SA129S22	SES129	1.66983	11.2947	9.62483
BLOCK12/SES129/SA129S27	SES129	1.83327	11.6042	9.77094
BLOCK12/SES129/SA129S29	SES129	1.88029	11.9371	10.0568
BLOCK14/SES142/SA142S11	SES142	2.40053	10.9831	8.58254
BLOCK14/SES142/SA142S12	SES142	1.86689	9.93483	8.06794
BLOCK14/SES142/SA142S24	SES142	1.74733	10.957	9.20967
BLOCK14/SES142/SA142S27	SES142	1.95984	11.0656	9.1058
BLOCK14/SES142/SA142S29	SES142	2.57319	11.0162	8.44299
BLOCK14/SES143/SA143S12	SES143	1.2164	10.4059	9.18955
BLOCK14/SES143/SA143S13	SES143	1.1702	9.92879	8.75859
BLOCK14/SES143/SA143S23	SES143	1.34968	9.98085	8.63118
BLOCK14/SES143/SA143S25	SES143	1.71094	10.8721	9.16118
BLOCK14/SES143/SA143S28	SES143	1.31597	9.95938	8.64341
BLOCK14/SES144/SA144S09	SES144	1.30455	10.8232	9.51862
BLOCK14/SES144/SA144S11	SES144	1.30068	10.1779	8.8772
BLOCK14/SES144/SA144S21	SES144	0.425181	9.57426	9.14908
BLOCK14/SES144/SA144S25	SES144	0.975432	10.1614	9.18592
BLOCK14/SES144/SA144S29	SES144	-0.00384617	10.1813	10.1852
BLOCK14/SES146/SA146S14	SES146	0.958549	8.9965	8.03795
BLOCK14/SES146/SA146S15	SES146	1.04503	9.36302	8.31799
BLOCK14/SES146/SA146S24	SES146	1.22427	9.90928	8.68501
BLOCK14/SES146/SA146S26	SES146	1.38815	10.4117	9.02359
BLOCK14/SES146/SA146S29	SES146	0.998947	8.76702	7.76807
BLOCK14/SES147/SA147S11	SES147	1.95187	10.5802	8.62834
BLOCK14/SES147/SA147S13	SES147	2.40586	11.6664	9.26055
BLOCK14/SES147/SA147S23	SES147	0.685101	9.74881	9.06371
BLOCK14/SES147/SA147S26	SES147	1.46309	10.4993	9.0362
BLOCK14/SES147/SA147S28	SES147	1.76148	10.4339	8.67238
BLOCK14/SES148/SA148S10	SES148	1.61937	10.2316	8.61226
BLOCK14/SES148/SA148S12	SES148	0.708477	9.17825	8.46977
BLOCK14/SES148/SA148S22	SES148	1.94441	11.6442	9.69982
BLOCK14/SES148/SA148S26	SES148	0.0326681	10.707	10.6743
BLOCK14/SES148/SA148S29	SES148	0.589313	9.5626	8.97328
BLOCK14/SES149/SA149S13	SES149	-0.0213585	9.48474	9.5061
BLOCK14/SES149/SA149S14	SES149	0.631681	11.1832	10.5515
BLOCK14/SES149/SA149S24	SES149	1.5933	11.6496	10.0563
BLOCK14/SES149/SA149S26	SES149	2.02283	12.4721	10.4493
BLOCK14/SES149/SA149S28	SES149	2.64215	13.7688	11.1266
BLOCK15/SES158/SA158S13	SES158	1.77067	9.54518	7.7745
BLOCK15/SES158/SA158S14	SES158	2.69322	9.82892	7.1357
BLOCK15/SES158/SA158S23	SES158	1.34365	9.65216	8.30852
BLOCK15/SES158/SA158S26	SES158	2.34442	9.18808	6.84366
BLOCK15/SES158/SA158S28	SES158	0.825609	9.01667	8.19106
BLOCK16/SES162/SA162S10	SES162	0.985817	8.75381	7.768
BLOCK16/SES162/SA162S11	SES162	1.14169	10.8104	9.66871
BLOCK16/SES162/SA162S21	SES162	2.14749	11.1688	9.02128
BLOCK16/SES162/SA162S24	SES162	1.3625	10.2536	8.89114
BLOCK16/SES162/SA162S27	SES162	1.83186	9.91224	8.08038
BLOCK16/SES167/SA167S14	SES167	1.6058	12.3051	10.6993
BLOCK16/SES167/SA167S15	SES167	1.45806	11.1194	9.6613
BLOCK16/SES167/SA167S21	SES167	2.01486	11.8956	9.8807
BLOCK16/SES167/SA167S25	SES167	2.23498	11.58	9.34502
BLOCK16/SES167/SA167S29	SES167	2.45381	13.1386	10.6848
BLOCK17/SES172/SA172S12	SES172	1.59436	10.8134	9.21906
BLOCK17/SES172/SA172S13	SES172	2.1423	10.6992	8.55689
BLOCK17/SES172/SA172S23	SES172	1.87456	12.1487	10.2742
BLOCK17/SES172/SA172S27	SES172	1.48685	10.7965	9.30968
BLOCK17/SES172/SA172S29	SES172	2.4032	11.5864	9.18317
BLOCK17/SES175/SA175S11	SES175	1.07098	10.7555	9.68455
BLOCK17/SES175/SA175S13	SES175	0.939445	10.638	9.69854
BLOCK17/SES175/SA175S23	SES175	1.24153	11.0389	9.79742
BLOCK17/SES175/SA175S25	SES175	0.383659	8.65895	8.27529
BLOCK17/SES175/SA175S28	SES175	0.69295	10.8798	10.1868
BLOCK17/SES177/SA177S15	SES177	0.938627	10.2736	9.33499
BLOCK17/SES177/SA177S17	SES177	0.616218	10.0237	9.40747
BLOCK17/SES177/SA177S23	SES177	0.101113	9.17545	9.07434
BLOCK17/SES177/SA177S26	SES177	1.27464	12.3324	11.0577
BLOCK17/SES177/SA177S28	SES177	1.20147	11.2943	10.0928
BLOCK18/SES180/SA180S13	SES180	0.652744	9.63599	8.98324
BLOCK18/SES180/SA180S15	SES180	1.52057	10.0021	8.4815
BLOCK18/SES180/SA180S24	SES180	1.22338	11.6335	10.4101
BLOCK18/SES180/SA180S26	SES180	0.940402	10.9252	9.98485
BLOCK18/SES180/SA180S29	SES180	1.37897	10.7089	9.32994
BLOCK18/SES183/SA183S13	SES183	1.66401	9.79166	8.12765
BLOCK18/SES183/SA183S14	SES183	0.354021	9.14005	8.78603
BLOCK18/SES183/SA183S24	SES183	1.77638	9.46554	7.68916
BLOCK18/SES183/SA183S27	SES183	1.44482	9.7877	8.34288
BLOCK18/SES183/SA183S29	SES183	1.16064	10.3497	9.18905
BLOCK18/SES187/SA187S13	SES187	0.872843	10.1968	9.324
BLOCK18/SES187/SA187S14	SES187	1.29105	9.97217	8.68112
BLOCK18/SES187/SA187S24	SES187	1.91271	9.87485	7.96214
BLOCK18/SES187/SA187S27	SES187	1.70647	10.6399	8.93339
BLOCK18/SES187/SA187S29	SES187	1.15575	10.5774	9.42168
BLOCK18/SES189/SA189S10	SES189	1.51972	9.956	8.43629
BLOCK18/SES189/SA189S13	SES189	1.85047	9.23273	7.38226
BLOCK18/SES189/SA189S24	SES189	2.51896	10.1043	7.58531
BLOCK18/SES189/SA189S26	SES189	1.28722	10.6717	9.38452
BLOCK18/SES189/SA189S29	SES189	2.27033	10.3558	8.08551
BLOCK20/SES202/SA202S12	SES202	1.54055	8.38785	6.8473
BLOCK20/SES202/SA202S14	SES202	2.575	10.6045	8.0295
BLOCK20/SES202/SA202S24	SES202	1.57652	10.1748	8.59825
BLOCK20/SES202/SA202S27	SES202	1.91279	11.8109	9.89809
BLOCK20/SES202/SA202S29	SES202	2.04287	11.7277	9.68481
BLOCK20/SES206/SA206S15	SES206	-0.240048	9.69466	9.93471
BLOCK20/SES206/SA206S17	SES206	1.95426	11.52	9.56569
BLOCK20/SES206/SA206S24	SES206	2.54923	12.3181	9.76886
BLOCK20/SES206/SA206S27	SES206	2.0998	10.8919	8.79215
BLOCK20/SES206/SA206S29	SES206	1.49904	11.9205	10.4214
BLOCK22/SES226/SA226S12	SES226	0.986882	9.82914	8.84226
BLOCK22/SES226/SA226S13	SES226	-0.276881	8.42452	8.7014
BLOCK22/SES226/SA226S20	SES226	1.24185	9.87622	8.63438
BLOCK22/SES226/SA226S23	SES226	1.43573	10.5671	9.1314
BLOCK22/SES226/SA226S28	SES226	2.1493	11.2282	9.07894
BLOCK25/SES259/SA259S13	SES259	3.81572	12.0742	8.25846
BLOCK25/SES259/SA259S14	SES259	2.83749	11.5906	8.75314
BLOCK25/SES259/SA259S22	SES259	2.07851	10.8703	8.79181
BLOCK25/SES259/SA259S24	SES259	2.25802	12.0082	9.75016
BLOCK25/SES259/SA259S28	SES259	2.44322	11.535	9.0918
BLOCK27/SES270/SA270S14	SES270	2.55471	9.19511	6.6404
BLOCK27/SES270/SA270S16	SES270	0.52805	8.68138	8.15333
BLOCK27/SES270/SA270S22	SES270	2.86177	10.3	7.43822
BLOCK27/SES270/SA270S26	SES270	1.58531	8.39933	6.81402
BLOCK27/SES270/SA270S28	SES270	1.30566	9.62924	8.32357
BLOCK27/SES275/SA275S17	SES275	1.79646	10.4931	8.69667
BLOCK27/SES275/SA275S18	SES275	0.704233	10.4112	9.70693
BLOCK27/SES275/SA275S24	SES275	0.763049	8.90277	8.13972
BLOCK27/SES275/SA275S26	SES275	1.53488	10.7294	9.19456
BLOCK27/SES275/SA275S28	SES275	0.758338	10.1646	9.40626
BLOCK29/SES292/SA292S10	SES292	0.73132	10.4295	9.69822
BLOCK29/SES292/SA292S12	SES292	0.580855	9.79642	9.21556
BLOCK29/SES292/SA292S22	SES292	0.636925	10.9132	10.2762
BLOCK29/SES292/SA292S24	SES292	0.616659	10.5309	9.91427
BLOCK29/SES292/SA292S27	SES292	0.602689	10.5962	9.99352
BLOCK00/SES001/SA001S14	SES062	-2.43831	6.56773	9.00605
BLOCK00/SES001/SA001S14	SES082	-2.29489	6.71116	9.00605
BLOCK00/SES001/SA001S14	SES106	-1.87107	7.13498	9.00605
BLOCK00/SES001/SA001S14	SES206	-1.94397	7.06207	9.00605
BLOCK00/SES001/SA001S15	SES062	-2.36622	7.29278	9.659
BLOCK00/SES001/SA001S15	SES104	-2.72437	6.93463	9.659
BLOCK00/SES001/SA001S15	SES106	-1.95433	7.70467	9.659
BLOCK00/SES001/SA001S15	SES206	-1.81632	7.84268	9.659
BLOCK00/SES001/SA001S24	SES062	-2.74317	5.65086	8.39404
BLOCK00/SES001/SA001S24	SES082	-2.51065	5.88339	8.39404
BLOCK00/SES001/SA001S24	SES087	-2.59372	5.80031	8.39404
BLOCK00/SES001/SA001S24	SES206	-2.32755	6.06649	8.39404
BLOCK00/SES001/SA001S27	SES062	-1.92508	8.2853	10.2104
BLOCK00/SES001/SA001S27	SES082	-2.04811	8.16227	10.2104
BLOCK00/SES001/SA001S27	SES087	-1.38573	8.82465	10.2104
BLOCK00/SES001/SA001S27	SES206	-1.48102	8.72936	10.2104
BLOCK00/SES001/SA001S29	SES062	-3.41493	5.29136	8.70629
BLOCK00/SES001/SA001S29	SES082	-1.92646	6.77983	8.70629
BLOCK00/SES001/SA001S29	SES158	-1.48633	7.21995	8.70629
BLOCK00/SES001/SA001S29	SES206	-2.79372	5.91257	8.70629
BLOCK00/SES003/SA003S11	SES002	-1.08033	7.94301	9.02334
BLOCK00/SES003/SA003S11	SES019	-2.06224	6.9611	9.02334
BLOCK00/SES003/SA003S11	SES082	-1.44059	7.58276	9.02334
BLOCK00/SES003/SA003S11	SES125	-2.15748	6.86586	9.02334
BLOCK00/SES003/SA003S15	SES016	-2.07404	8.18041	10.2545
BLOCK00/SES003/SA003S15	SES019	-2.23461	8.01984	10.2545
BLOCK00/SES003/SA003S15	SES062	-1.43658	8.81788	10.2545
BLOCK00/SES003/SA003S15	SES206	-1.6207	8.63375	10.2545
BLOCK00/SES003/SA003S22	SES002	-1.59471	7.63861	9.23333
BLOCK00/SES003/SA003S22	SES062	-1.17247	8.06086	9.23333
BLOCK00/SES003/SA003S22	SES082	-2.00144	7.23189	9.23333
BLOCK00/SES003/SA003S22	SES087	-1.55061	7.68272	9.23333
BLOCK00/SES003/SA003S25	SES062	-2.76816	6.25349	9.02165
BLOCK00/SES003/SA003S25	SES082	-1.7849	7.23675	9.02165
BLOCK00/SES003/SA003S25	SES087	-1.39435	7.62731	9.02165
BLOCK00/SES003/SA003S25	SES206	-1.53401	7.48764	9.02165
BLOCK00/SES003/SA003S29	SES002	-1.73943	6.86906	8.60849
BLOCK00/SES003/SA003S29	SES062	-2.70119	5.9073	8.60849
BLOCK00/SES003/SA003S29	SES082	-1.32225	7.28624	8.60849
BLOCK00/SES003/SA003S29	SES087	-2.0874	6.52109	8.60849
BLOCK00/SES004/SA004S12	SES083	-1.74126	7.53891	9.28016
BLOCK00/SES004/SA004S12	SES148	-2.47087	6.80929	9.28016
BLOCK00/SES004/SA004S12	SES172	-0.550134	8.73003	9.28016
BLOCK00/SES004/SA004S12	SES292	-1.44875	7.83142	9.28016
BLOCK00/SES004/SA004S17	SES083	-1.43864	7.53345	8.97208
BLOCK00/SES004/SA004S17	SES162	-1.03697	7.93511	8.97208
BLOCK00/SES004/SA004S17	SES172	-0.348427	8.62366	8.97208
BLOCK00/SES004/SA004S17	SES292	-1.41117	7.56091	8.97208
BLOCK00/SES004/SA004S24	SES083	-1.60423	8.0602	9.66443
BLOCK00/SES004/SA004S24	SES148	-2.43181	7.23262	9.66443
BLOCK00/SES004/SA004S24	SES172	-0.415653	9.24878	9.66443
BLOCK00/SES004/SA004S24	SES292	-1.00964	8.65479	9.66443
BLOCK00/SES004/SA004S26	SES083	-1.90487	7.05767	8.96254
BLOCK00/SES004/SA004S26	SES127	-1.22057	7.74196	8.96254
BLOCK00/SES004/SA004S26	SES148	-2.63119	6.33134	8.96254
BLOCK00/SES004/SA004S26	SES292	-2.21092	6.75162	8.96254
BLOCK00/SES004/SA004S28	SES083	-1.19924	9.20121	10.4004
BLOCK00/SES004/SA004S28	SES127	-0.673993	9.72646	10.4004
BLOCK00/SES004/SA004S28	SES187	-0.330734	10.0697	10.4004
BLOCK00/SES004/SA004S28	SES292	-1.98078	8.41967	10.4004
BLOCK00/SES006/SA006S10	SES014	-3.95247	2.68777	6.64024
BLOCK00/SES006/SA006S10	SES158	-2.63994	4.0003	6.64024
BLOCK00/SES006/SA006S10	SES226	-4.54434	2.0959	6.64024
BLOCK00/SES006/SA006S10	SES270	-1.72044	4.91981	6.64024
BLOCK00/SES006/SA006S11	SES158	-2.03582	4.51212	6.54793
BLOCK00/SES006/SA006S11	SES226	-3.17388	3.37405	6.54793
BLOCK00/SES006/SA006S11	SES270	-1.43639	5.11154	6.54793
BLOCK00/SES006/SA006S11	SES275	-2.87835	3.66958	6.54793
BLOCK00/SES006/SA006S23	SES062	-3.30434	5.15189	8.45623
BLOCK00/SES006/SA006S23	SES105	-4.05882	4.3974	8.45623
BLOCK00/SES006/SA006S23	SES158	-2.22275	6.23347	8.45623
BLOCK00/SES006/SA006S23	SES275	-2.59768	5.85855	8.45623
BLOCK00/SES006/SA006S26	SES104	-3.31047	4.66183	7.9723
BLOCK00/SES006/SA006S26	SES158	-1.70091	6.27139	7.9723
BLOCK00/SES006/SA006S26	SES270	-0.8632	7.1091	7.9723
BLOCK00/SES006/SA006S26	SES275	-2.33339	5.63891	7.9723
BLOCK00/SES006/SA006S28	SES007	-3.03322	3.67792	6.71114
BLOCK00/SES006/SA006S28	SES105	-3.7825	2.92864	6.71114
BLOCK00/SES006/SA006S28	SES158	-1.95437	4.75677	6.71114
BLOCK00/SES006/SA006S28	SES275	-3.15269	3.55845	6.71114
BLOCK00/SES009/SA009S12	SES083	-2.78762	7.11545	9.90306
BLOCK00/SES009/SA009S12	SES148	-2.32368	7.57939	9.90306
BLOCK00/SES009/SA009S12	SES177	-0.685322	9.21774	9.90306
BLOCK00/SES009/SA009S12	SES292	-1.49837	8.40469	9.90306
BLOCK00/SES009/SA009S15	SES007	-0.143892	10.2153	10.3592
BLOCK00/SES009/SA009S15	SES099	-3.94373	6.41544	10.3592
BLOCK00/SES009/SA009S15	SES148	-2.2173	8.14187	10.3592
BLOCK00/SES009/SA009S15	SES172	-1.22685	9.13232	10.3592
BLOCK00/SES009/SA009S24	SES146	-1.05392	8.98241	10.0363
BLOCK00/SES009/SA009S24	SES148	-2.21166	7.82467	10.0363
BLOCK00/SES009/SA009S24	SES177	-0.0681458	9.96819	10.0363
BLOCK00/SES009/SA009S24	SES292	-1.11372	8.92261	10.0363
BLOCK00/SES009/SA009S26	SES083	-2.58733	7.04723	9.63456
BLOCK00/SES009/SA009S26	SES101	-2.37781	7.25675	9.63456
BLOCK00/SES009/SA009S26	SES120	-1.67096	7.9636	9.63456
BLOCK00/SES009/SA009S26	SES177	-0.574483	9.06008	9.63456
BLOCK00/SES009/SA009S29	SES083	-1.82141	8.3065	10.1279
BLOCK00/SES009/SA009S29	SES101	-1.85648	8.27143	10.1279
BLOCK00/SES009/SA009S29	SES177	-0.594794	9.53312	10.1279
BLOCK00/SES009/SA009S29	SES292	-1.28012	8.8478	10.1279
BLOCK01/SES011/SA011S10	SES019	-1.57257	7.54863	9.12119
BLOCK01/SES011/SA011S10	SES042	-0.299805	8.82139	9.12119
BLOCK01/SES011/SA011S10	SES082	-2.6129	6.50829	9.12119
BLOCK01/SES011/SA011S10	SES206	-1.59844	7.52276	9.12119
BLOCK01/SES011/SA011S11	SES019	-2.11729	5.91656	8.03386
BLOCK01/SES011/SA011S11	SES042	-1.14064	6.89321	8.03386
BLOCK01/SES011/SA011S11	SES082	-2.11635	5.9175	8.03386
BLOCK01/SES011/SA011S11	SES206	-1.92201	6.11185	8.03386
BLOCK01/SES011/SA011S22	SES019	-1.00692	7.23153	8.23844
BLOCK01/SES011/SA011S22	SES042	0.126093	8.36454	8.23844
BLOCK01/SES011/SA011S22	SES082	-2.04783	6.19061	8.23844
BLOCK01/SES011/SA011S22	SES206	-1.86137	6.37708	8.23844
BLOCK01/SES011/SA011S24	SES019	-2.13097	6.94556	9.07653
BLOCK01/SES011/SA011S24	SES042	-0.170929	8.9056	9.07653
BLOCK01/SES011/SA011S24	SES104	-2.29221	6.78432	9.07653
BLOCK01/SES011/SA011S24	SES206	-1.6258	7.45073	9.07653
BLOCK01/SES011/SA011S27	SES082	-0.855778	7.67952	8.5353
BLOCK01/SES011/SA011S27	SES087	-2.13475	6.40056	8.5353
BLOCK01/SES011/SA011S27	SES125	-1.91192	6.62338	8.5353
BLOCK01/SES011/SA011S27	SES206	-1.37525	7.16005	8.5353
BLOCK01/SES012/SA012S11	SES007	-0.980533	9.66052	10.641
BLOCK01/SES012/SA012S11	SES082	-2.1713	8.46975	10.641
BLOCK01/SES012/SA012S11	SES083	-2.22205	8.419	10.641
BLOCK01/SES012/SA012S11	SES206	-1.71625	8.9248	10.641
BLOCK01/SES012/SA012S14	SES082	-1.03798	9.02075	10.0587
BLOCK01/SES012/SA012S14	SES087	-2.41148	7.64725	10.0587
BLOCK01/SES012/SA012S14	SES206	-1.36615	8.69258	10.0587
BLOCK01/SES012/SA012S14	SES292	-1.76568	8.29304	10.0587
BLOCK01/SES012/SA012S24	SES082	-0.462162	8.44685	8.90901
BLOCK01/SES012/SA012S24	SES087	-1.61053	7.29848	8.90901
BLOCK01/SES012/SA012S24	SES120	-1.47144	7.43757	8.90901
BLOCK01/SES012/SA012S24	SES206	-0.741902	8.16711	8.90901
BLOCK01/SES012/SA012S26	SES019	-3.62079	6.55741	10.1782
BLOCK01/SES012/SA012S26	SES082	-2.25738	7.92083	10.1782
BLOCK01/SES012/SA012S26	SES206	-1.12018	9.05803	10.1782
BLOCK01/SES012/SA012S26	SES292	-1.22246	8.95575	10.1782
BLOCK01/SES012/SA012S29	SES062	-2.04722	8.35572	10.4029
BLOCK01/SES012/SA012S29	SES082	-1.09691	9.30603	10.4029
BLOCK01/SES012/SA012S29	SES083	-2.76998	7.63295	10.4029
BLOCK01/SES012/SA012S29	SES206	-1.12082	9.28212	10.4029
BLOCK01/SES013/SA013S16	SES062	-3.5818	5.11763	8.69943
BLOCK01/SES013/SA013S16	SES106	-2.03526	6.66417	8.69943
BLOCK01/SES013/SA013S16	SES206	-2.1416	6.55783	8.69943
BLOCK01/SES013/SA013S16	SES226	-1.73135	6.96808	8.69943
BLOCK01/SES013/SA013S17	SES062	-2.50023	7.95886	10.4591
BLOCK01/SES013/SA013S17	SES106	-2.80208	7.657	10.4591
BLOCK01/SES013/SA013S17	SES206	-0.591002	9.86808	10.4591
BLOCK01/SES013/SA013S17	SES226	-1.35209	9.107	10.4591
BLOCK01/SES013/SA013S23	SES104	-1.94608	7.08218	9.02826
BLOCK01/SES013/SA013S23	SES106	-1.27623	7.75203	9.02826
BLOCK01/SES013/SA013S23	SES206	-1.70007	7.3282	9.02826
BLOCK01/SES013/SA013S23	SES270	-0.501154	8.52711	9.02826
BLOCK01/SES013/SA013S25	SES042	-2.39466	7.4266	9.82126
BLOCK01/SES013/SA013S25	SES104	-2.03826	7.783	9.82126
BLOCK01/SES013/SA013S25	SES106	-1.62551	8.19575	9.82126
BLOCK01/SES013/SA013S25	SES206	-1.54904	8.27222	9.82126
BLOCK01/SES013/SA013S29	SES062	-3.33057	5.92508	9.25564
BLOCK01/SES013/SA013S29	SES104	-2.88062	6.37503	9.25564
BLOCK01/SES013/SA013S29	SES106	-1.79197	7.46368	9.25564
BLOCK01/SES013/SA013S29	SES206	-1.97718	7.27847	9.25564
BLOCK02/SES021/SA021S13	SES016	-2.68621	7.70104	10.3872
BLOCK02/SES021/SA021S13	SES029	-1.81556	8.57168	10.3872
BLOCK02/SES021/SA021S13	SES087	-1.52237	8.86487	10.3872
BLOCK02/SES021/SA021S13	SES206	-1.51322	8.87402	10.3872
BLOCK02/SES021/SA021S15	SES087	-0.796678	10.1651	10.9618
BLOCK02/SES021/SA021S15	SES125	-1.14801	9.81378	10.9618
BLOCK02/SES021/SA021S15	SES206	-1.21866	9.74313	10.9618
BLOCK02/SES021/SA021S15	SES226	-1.8197	9.14208	10.9618
BLOCK02/SES021/SA021S23	SES062	-3.22078	5.46848	8.68926
BLOCK02/SES021/SA021S23	SES087	-1.24892	7.44034	8.68926
BLOCK02/SES021/SA021S23	SES206	-1.97469	6.71457	8.68926
BLOCK02/SES021/SA021S23	SES226	-1.95057	6.73869	8.68926
BLOCK02/SES021/SA021S27	SES002	-0.923419	9.70076	10.6242
BLOCK02/SES021/SA021S27	SES016	-3.81356	6.81062	10.6242
BLOCK02/SES021/SA021S27	SES019	-1.80744	8.81675	10.6242
BLOCK02/SES021/SA021S27	SES062	-2.10358	8.5206	10.6242
BLOCK02/SES021/SA021S29	SES087	-1.40798	8.93688	10.3449
BLOCK02/SES021/SA021S29	SES125	-0.672302	9.67256	10.3449
BLOCK02/SES021/SA021S29	SES206	-0.903352	9.44151	10.3449
BLOCK02/SES021/SA021S29	SES226	-2.6302	7.71467	10.3449
BLOCK04/SES043/SA043S09	SES083	-1.17014	7.39168	8.56183
BLOCK04/SES043/SA043S09	SES101	-1.20102	7.3608	8.56183
BLOCK04/SES043/SA043S09	SES144	-0.799819	7.76201	8.56183
BLOCK04/SES043/SA043S09	SES172	-1.48256	7.07926	8.56183
BLOCK04/SES043/SA043S11	SES083	-0.892663	9.17987	10.0725
BLOCK04/SES043/SA043S11	SES101	-1.30635	8.76618	10.0725
BLOCK04/SES043/SA043S11	SES144	-0.26182	9.81071	10.0725
BLOCK04/SES043/SA043S11	SES172	-1.33221	8.74032	10.0725
BLOCK04/SES043/SA043S23	SES083	-1.07288	8.98293	10.0558
BLOCK04/SES043/SA043S23	SES144	-0.411423	9.64439	10.0558
BLOCK04/SES043/SA043S23	SES177	-1.55103	8.50478	10.0558
BLOCK04/SES043/SA043S23	SES275	-1.25248	8.80333	10.0558
BLOCK04/SES043/SA043S26	SES083	-1.47584	7.36993	8.84577
BLOCK04/SES043/SA043S26	SES101	-1.39255	7.45322	8.84577
BLOCK04/SES043/SA043S26	SES144	-0.239415	8.60635	8.84577
BLOCK04/SES043/SA043S26	SES177	-1.75495	7.09082	8.84577
BLOCK04/SES043/SA043S28	SES016	-2.00604	8.02399	10.03
BLOCK04/SES043/SA043S28	SES083	-0.940618	9.08941	10.03
BLOCK04/SES043/SA043S28	SES101	-0.724603	9.30543	10.03
BLOCK04/SES043/SA043S28	SES144	-0.958248	9.07178	10.03
BLOCK04/SES044/SA044S10	SES127	-3.62277	2.83154	6.4543
BLOCK04/SES044/SA044S10	SES144	-0.912111	5.54219	6.4543
BLOCK04/SES044/SA044S10	SES147	-3.79192	2.66238	6.4543
BLOCK04/SES044/SA044S10	SES148	-2.84123	3.61307	6.4543
BLOCK04/SES044/SA044S11	SES101	-0.959613	7.08608	8.04569
BLOCK04/SES044/SA044S11	SES144	-0.430806	7.61489	8.04569
BLOCK04/SES044/SA044S11	SES147	-2.31188	5.73381	8.04569
BLOCK04/SES044/SA044S11	SES177	-2.13029	5.9154	8.04569
BLOCK04/SES044/SA044S24	SES007	-2.12176	6.48928	8.61104
BLOCK04/SES044/SA044S24	SES101	-1.4389	7.17214	8.61104
BLOCK04/SES044/SA044S24	SES147	-2.82947	5.78157	8.61104
BLOCK04/SES044/SA044S24	SES177	-2.06838	6.54265	8.61104
BLOCK04/SES044/SA044S26	SES007	-1.2504	7.46396	8.71436
BLOCK04/SES044/SA044S26	SES016	-1.15055	7.56382	8.71436
BLOCK04/SES044/SA044S26	SES101	-1.26963	7.44473	8.71436
BLOCK04/SES044/SA044S26	SES147	-1.19255	7.52181	8.71436
BLOCK04/SES044/SA044S29	SES007	-2.19137	6.93881	9.13019
BLOCK04/SES044/SA044S29	SES101	-0.158168	8.97202	9.13019
BLOCK04/SES044/SA044S29	SES147	-1.85541	7.27478	9.13019
BLOCK04/SES044/SA044S29	SES177	-1.76884	7.36135	9.13019
BLOCK04/SES046/SA046S13	SES101	-0.857754	7.96053	8.81829
BLOCK04/SES046/SA046S13	SES144	-0.63896	8.17933	8.81829
BLOCK04/SES046/SA046S13	SES147	-1.89692	6.92137	8.81829
BLOCK04/SES046/SA046S13	SES177	-1.83768	6.98061	8.81829
BLOCK04/SES046/SA046S15	SES048	-0.179271	9.9638	10.1431
BLOCK04/SES046/SA046S15	SES083	-0.623596	9.51948	10.1431
BLOCK04/SES046/SA046S15	SES120	-2.62352	7.51955	10.1431
BLOCK04/SES046/SA046S15	SES148	-1.21253	8.93054	10.1431
BLOCK04/SES046/SA046S22	SES101	-0.766689	8.30441	9.0711
BLOCK04/SES046/SA046S22	SES144	-1.0342	8.0369	9.0711
BLOCK04/SES046/SA046S22	SES147	-2.7178	6.3533	9.0711
BLOCK04/SES046/SA046S22	SES172	-0.857518	8.21358	9.0711
BLOCK04/SES046/SA046S25	SES083	-1.43214	7.27695	8.7091
BLOCK04/SES046/SA046S25	SES127	-1.37689	7.3322	8.7091
BLOCK04/SES046/SA046S25	SES144	-1.79283	6.91627	8.7091
BLOCK04/SES046/SA046S25	SES148	-1.63134	7.07775	8.7091
BLOCK04/SES046/SA046S28	SES007	-1.74008	7.10468	8.84475
BLOCK04/SES046/SA046S28	SES105	-2.06578	6.77897	8.84475
BLOCK04/SES046/SA046S28	SES147	-1.01624	7.82851	8.84475
BLOCK04/SES046/SA046S28	SES148	-1.39691	7.44784	8.84475
BLOCK04/SES049/SA049S16	SES104	-2.24786	5.37604	7.6239
BLOCK04/SES049/SA049S16	SES106	-2.5795	5.0444	7.6239
BLOCK04/SES049/SA049S16	SES120	-2.50619	5.11771	7.6239
BLOCK04/SES049/SA049S16	SES206	-1.2634	6.3605	7.6239
BLOCK04/SES049/SA049S18	SES099	-1.53908	5.80221	7.3413
BLOCK04/SES049/SA049S18	SES104	-2.40835	4.93295	7.3413
BLOCK04/SES049/SA049S18	SES125	-2.75997	4.58133	7.3413
BLOCK04/SES049/SA049S18	SES206	-1.91366	5.42764	7.3413
BLOCK04/SES049/SA049S25	SES087	-1.58553	6.60869	8.19422
BLOCK04/SES049/SA049S25	SES104	-1.115	7.07923	8.19422
BLOCK04/SES049/SA049S25	SES125	-1.82805	6.36617	8.19422
BLOCK04/SES049/SA049S25	SES206	-0.636802	7.55742	8.19422
BLOCK04/SES049/SA049S27	SES099	-0.514922	7.67875	8.19367
BLOCK04/SES049/SA049S27	SES104	-0.86958	7.32409	8.19367
BLOCK04/SES049/SA049S27	SES125	-2.06495	6.12872	8.19367
BLOCK04/SES049/SA049S27	SES206	-1.38018	6.81349	8.19367
BLOCK04/SES049/SA049S29	SES099	-0.641058	8.59846	9.23952
BLOCK04/SES049/SA049S29	SES104	-0.801905	8.43761	9.23952
BLOCK04/SES049/SA049S29	SES125	-1.56183	7.67769	9.23952
BLOCK04/SES049/SA049S29	SES206	-0.584444	8.65508	9.23952
BLOCK06/SES063/SA063S09	SES068	-1.57869	8.75288	10.3316
BLOCK06/SES063/SA063S09	SES083	-0.944174	9.3874	10.3316
BLOCK06/SES063/SA063S09	SES177	-1.40244	8.92913	10.3316
BLOCK06/SES063/SA063S09	SES187	-1.66051	8.67107	10.3316
BLOCK06/SES063/SA063S10	SES068	-2.24095	7.23618	9.47712
BLOCK06/SES063/SA063S10	SES083	-0.711726	8.7654	9.47712
BLOCK06/SES063/SA063S10	SES172	-1.42181	8.05532	9.47712
BLOCK06/SES063/SA063S10	SES187	-1.55787	7.91925	9.47712
BLOCK06/SES063/SA063S20	SES068	-2.06746	7.62672	9.69418
BLOCK06/SES063/SA063S20	SES083	-1.05655	8.63763	9.69418
BLOCK06/SES063/SA063S20	SES172	-1.20402	8.49016	9.69418
BLOCK06/SES063/SA063S20	SES187	-1.31109	8.3831	9.69418
BLOCK06/SES063/SA063S24	SES029	-2.70153	7.52149	10.223
BLOCK06/SES063/SA063S24	SES083	-0.869942	9.35308	10.223
BLOCK06/SES063/SA063S24	SES177	-0.889874	9.33315	10.223
BLOCK06/SES063/SA063S24	SES189	-1.05657	9.16646	10.223
BLOCK06/SES063/SA063S27	SES083	-0.598328	9.02543	9.62376
BLOCK06/SES063/SA063S27	SES172	-1.67904	7.94472	9.62376
BLOCK06/SES063/SA063S27	SES187	-1.78415	7.83961	9.62376
BLOCK06/SES063/SA063S27	SES292	-2.28379	7.33997	9.62376
BLOCK06/SES067/SA067S12	SES083	-1.63438	8.9974	10.6318
BLOCK06/SES067/SA067S12	SES172	-1.89634	8.73544	10.6318
BLOCK06/SES067/SA067S12	SES202	-1.14014	9.49164	10.6318
BLOCK06/SES067/SA067S12	SES292	-1.90707	8.72471	10.6318
BLOCK06/SES067/SA067S14	SES085	-1.2501	9.83956	11.0897
BLOCK06/SES067/SA067S14	SES177	-1.5684	9.52126	11.0897
BLOCK06/SES067/SA067S14	SES183	-0.166208	10.9235	11.0897
BLOCK06/SES067/SA067S14	SES202	-0.932338	10.1573	11.0897
BLOCK06/SES067/SA067S21	SES144	-1.01609	9.12747	10.1436
BLOCK06/SES067/SA067S21	SES177	-0.743135	9.40042	10.1436
BLOCK06/SES067/SA067S21	SES183	-0.0625525	10.081	10.1436
BLOCK06/SES067/SA067S21	SES189	-1.10118	9.04238	10.1436
BLOCK06/SES067/SA067S25	SES085	-0.679088	9.77288	10.452
BLOCK06/SES067/SA067S25	SES177	-1.06334	9.38863	10.452
BLOCK06/SES067/SA067S25	SES183	-0.80156	9.65041	10.452
BLOCK06/SES067/SA067S25	SES202	-1.62768	8.82428	10.452
BLOCK06/SES067/SA067S29	SES085	-1.44547	8.69679	10.1423
BLOCK06/SES067/SA067S29	SES177	-1.94085	8.20142	10.1423
BLOCK06/SES067/SA067S29	SES183	-0.326695	9.81557	10.1423
BLOCK06/SES067/SA067S29	SES202	-0.791917	9.35034	10.1423
BLOCK06/SES069/SA069S12	SES029	-3.11749	7.14016	10.2577
BLOCK06/SES069/SA069S12	SES082	-0.738474	9.51918	10.2577
BLOCK06/SES069/SA069S12	SES087	-1.77038	8.48727	10.2577
BLOCK06/SES069/SA069S12	SES206	-1.31633	8.94132	10.2577
BLOCK06/SES069/SA069S13	SES029	-3.27622	6.94333	10.2195
BLOCK06/SES069/SA069S13	SES087	-1.2401	8.97944	10.2195
BLOCK06/SES069/SA069S13	SES206	-1.32113	8.89841	10.2195
BLOCK06/SES069/SA069S13	SES226	-0.646619	9.57292	10.2195
BLOCK06/SES069/SA069S23	SES029	-0.744514	10.655	11.3995
BLOCK06/SES069/SA069S23	SES087	-0.772964	10.6265	11.3995
BLOCK06/SES069/SA069S23	SES206	-1.46672	9.93277	11.3995
BLOCK06/SES069/SA069S23	SES226	-0.78876	10.6107	11.3995
BLOCK06/SES069/SA069S25	SES087	-1.36277	9.57009	10.9329
BLOCK06/SES069/SA069S25	SES206	-3.28284	7.65002	10.9329
BLOCK06/SES069/SA069S25	SES226	-1.05856	9.87431	10.9329
BLOCK06/SES069/SA069S25	SES270	-2.01423	8.91864	10.9329
BLOCK06/SES069/SA069S27	SES087	-2.20883	8.39573	10.6046
BLOCK06/SES069/SA069S27	SES206	-1.47763	9.12693	10.6046
BLOCK06/SES069/SA069S27	SES226	-0.677496	9.92706	10.6046
BLOCK06/SES069/SA069S27	SES270	-1.4285	9.17606	10.6046
BLOCK08/SES081/SA081S11	SES060	-2.24014	7.45987	9.7
BLOCK08/SES081/SA081S11	SES062	-1.91535	7.78466	9.7
BLOCK08/SES081/SA081S11	SES117	-2.73476	6.96524	9.7
BLOCK08/SES081/SA081S11	SES162	-2.54282	7.15719	9.7
BLOCK08/SES081/SA081S13	SES016	-1.50235	9.14133	10.6437
BLOCK08/SES081/SA081S13	SES060	-0.305532	10.3382	10.6437
BLOCK08/SES081/SA081S13	SES068	-0.921432	9.72225	10.6437
BLOCK08/SES081/SA081S13	SES129	-2.43816	8.20553	10.6437
BLOCK08/SES081/SA081S24	SES060	-1.07906	9.012	10.0911
BLOCK08/SES081/SA081S24	SES068	-0.757229	9.33383	10.0911
BLOCK08/SES081/SA081S24	SES117	-2.18843	7.90263	10.0911
BLOCK08/SES081/SA081S24	SES275	-1.47338	8.61768	10.0911
BLOCK08/SES081/SA081S27	SES007	-1.08494	7.9849	9.06984
BLOCK08/SES081/SA081S27	SES060	-1.56477	7.50507	9.06984
BLOCK08/SES081/SA081S27	SES117	-0.923954	8.14589	9.06984
BLOCK08/SES081/SA081S27	SES275	-1.10446	7.96538	9.06984
BLOCK08/SES081/SA081S29	SES007	-0.613083	9.25825	9.87134
BLOCK08/SES081/SA081S29	SES060	-0.942525	8.92881	9.87134
BLOCK08/SES081/SA081S29	SES117	-1.36316	8.50818	9.87134
BLOCK08/SES081/SA081S29	SES275	-1.29512	8.57621	9.87134
BLOCK08/SES086/SA086S11	SES029	-4.15837	4.12583	8.2842
BLOCK08/SES086/SA086S11	SES082	-2.38081	5.90339	8.2842
BLOCK08/SES086/SA086S11	SES087	-0.854414	7.42979	8.2842
BLOCK08/SES086/SA086S11	SES206	-2.5666	5.7176	8.2842
BLOCK08/SES086/SA086S12	SES029	-2.74756	6.63771	9.38527
BLOCK08/SES086/SA086S12	SES082	-2.1475	7.23777	9.38527
BLOCK08/SES086/SA086S12	SES087	-0.314413	9.07085	9.38527
BLOCK08/SES086/SA086S12	SES206	-1.82442	7.56085	9.38527
BLOCK08/SES086/SA086S20	SES029	-3.1688	6.94712	10.1159
BLOCK08/SES086/SA086S20	SES082	-3.20488	6.91104	10.1159
BLOCK08/SES086/SA086S20	SES087	-0.371357	9.74457	10.1159
BLOCK08/SES086/SA086S20	SES206	-0.867855	9.24807	10.1159
BLOCK08/SES086/SA086S24	SES087	-0.371214	8.34047	8.71168
BLOCK08/SES086/SA086S24	SES104	-2.12267	6.58901	8.71168
BLOCK08/SES086/SA086S24	SES120	-2.21615	6.49554	8.71168
BLOCK08/SES086/SA086S24	SES206	-0.269629	8.44205	8.71168
BLOCK08/SES086/SA086S28	SES029	-2.49315	7.25736	9.75051
BLOCK08/SES086/SA086S28	SES082	-2.23098	7.51954	9.75051
BLOCK08/SES086/SA086S28	SES087	-0.631234	9.11928	9.75051
BLOCK08/SES086/SA086S28	SES206	-1.21427	8.53624	9.75051
BLOCK08/SES089/SA089S13	SES087	-1.41026	7.18429	8.59455
BLOCK08/SES089/SA089S13	SES206	-1.82339	6.77116	8.59455
BLOCK08/SES089/SA089S13	SES226	-1.56189	7.03266	8.59455
BLOCK08/SES089/SA089S13	SES270	-2.05335	6.5412	8.59455
BLOCK08/SES089/SA089S14	SES062	-2.28663	7.04628	9.33291
BLOCK08/SES089/SA089S14	SES087	-0.840768	8.49215	9.33291
BLOCK08/SES089/SA089S14	SES206	-1.45971	7.87321	9.33291
BLOCK08/SES089/SA089S14	SES226	-1.71669	7.61622	9.33291
BLOCK08/SES089/SA089S23	SES087	-1.60697	5.99232	7.59928
BLOCK08/SES089/SA089S23	SES206	-0.992941	6.60634	7.59928
BLOCK08/SES089/SA089S23	SES226	-1.06859	6.53069	7.59928
BLOCK08/SES089/SA089S23	SES270	-2.35416	5.24512	7.59928
BLOCK08/SES089/SA089S25	SES062	-2.58496	6.54788	9.13283
BLOCK08/SES089/SA089S25	SES087	-0.995976	8.13686	9.13283
BLOCK08/SES089/SA089S25	SES206	-2.19806	6.93477	9.13283
BLOCK08/SES089/SA089S25	SES226	-1.11196	8.02087	9.13283
BLOCK08/SES089/SA089S28	SES062	-1.27152	7.62893	8.90045
BLOCK08/SES089/SA089S28	SES087	-0.0117979	8.88866	8.90045
BLOCK08/SES089/SA089S28	SES206	-0.700318	8.20014	8.90045
BLOCK08/SES089/SA089S28	SES226	-0.728305	8.17215	8.90045
BLOCK09/SES097/SA097S11	SES099	-0.266675	8.18773	8.4544
BLOCK09/SES097/SA097S11	SES125	-2.15801	6.2964	8.4544
BLOCK09/SES097/SA097S11	SES206	-1.56284	6.89156	8.4544
BLOCK09/SES097/SA097S11	SES226	-0.500013	7.95439	8.4544
BLOCK09/SES097/SA097S14	SES062	-1.98821	6.46354	8.45175
BLOCK09/SES097/SA097S14	SES099	-1.00134	7.4504	8.45175
BLOCK09/SES097/SA097S14	SES104	-1.63821	6.81353	8.45175
BLOCK09/SES097/SA097S14	SES206	-2.4348	6.01695	8.45175
BLOCK09/SES097/SA097S22	SES099	0.101968	8.46438	8.36241
BLOCK09/SES097/SA097S22	SES206	-1.78878	6.57363	8.36241
BLOCK09/SES097/SA097S22	SES226	-1.70561	6.6568	8.36241
BLOCK09/SES097/SA097S22	SES270	-0.547485	7.81492	8.36241
BLOCK09/SES097/SA097S26	SES099	-0.727322	8.50979	9.23711
BLOCK09/SES097/SA097S26	SES120	-1.79945	7.43766	9.23711
BLOCK09/SES097/SA097S26	SES206	-2.05463	7.18248	9.23711
BLOCK09/SES097/SA097S26	SES226	-2.7763	6.46081	9.23711
BLOCK09/SES097/SA097S28	SES099	-0.800583	7.92017	8.72076
BLOCK09/SES097/SA097S28	SES120	-1.32668	7.39407	8.72076
BLOCK09/SES097/SA097S28	SES206	-2.02036	6.70039	8.72076
BLOCK09/SES097/SA097S28	SES226	-2.40029	6.32046	8.72076
BLOCK09/SES098/SA098S11	SES127	-1.76884	6.81893	8.58777
BLOCK09/SES098/SA098S11	SES144	-1.79704	6.79074	8.58777
BLOCK09/SES098/SA098S11	SES147	-0.979308	7.60847	8.58777
BLOCK09/SES098/SA098S11	SES148	-3.0846	5.50318	8.58777
BLOCK09/SES098/SA098S12	SES127	-2.73869	4.79083	7.52952
BLOCK09/SES098/SA098S12	SES144	-2.17985	5.34967	7.52952
BLOCK09/SES098/SA098S12	SES147	-1.09279	6.43673	7.52952
BLOCK09/SES098/SA098S12	SES189	-1.69625	5.83327	7.52952
BLOCK09/SES098/SA098S20	SES127	-3.00537	5.23137	8.23674
BLOCK09/SES098/SA098S20	SES147	-1.91625	6.32048	8.23674
BLOCK09/SES098/SA098S20	SES148	-3.06396	5.17277	8.23674
BLOCK09/SES098/SA098S20	SES292	-1.58308	6.65366	8.23674
BLOCK09/SES098/SA098S23	SES127	-1.96041	6.73477	8.69518
BLOCK09/SES098/SA098S23	SES147	-1.53419	7.16099	8.69518
BLOCK09/SES098/SA098S23	SES187	-1.18042	7.51476	8.69518
BLOCK09/SES098/SA098S23	SES292	-1.43582	7.25936	8.69518
BLOCK09/SES098/SA098S27	SES127	-3.50069	4.48489	7.98558
BLOCK09/SES098/SA098S27	SES147	-3.17597	4.8096	7.98558
BLOCK09/SES098/SA098S27	SES148	-3.09386	4.89172	7.98558
BLOCK09/SES098/SA098S27	SES292	-1.35488	6.63069	7.98558
BLOCK10/SES102/SA102S13	SES101	-0.645826	7.41001	8.05584
BLOCK10/SES102/SA102S13	SES105	-1.09808	6.95776	8.05584
BLOCK10/SES102/SA102S13	SES120	-2.59515	5.46068	8.05584
BLOCK10/SES102/SA102S13	SES158	-2.33085	5.72499	8.05584
BLOCK10/SES102/SA102S14	SES007	-0.415277	9.55005	9.96533
BLOCK10/SES102/SA102S14	SES101	0.705244	10.6706	9.96533
BLOCK10/SES102/SA102S14	SES105	-0.198264	9.76707	9.96533
BLOCK10/SES102/SA102S14	SES147	-2.76617	7.19916	9.96533
BLOCK10/SES102/SA102S22	SES007	-1.38972	7.81563	9.20535
BLOCK10/SES102/SA102S22	SES101	-0.23515	8.9702	9.20535
BLOCK10/SES102/SA102S22	SES105	-0.417531	8.78782	9.20535
BLOCK10/SES102/SA102S22	SES158	-1.92253	7.28281	9.20535
BLOCK10/SES102/SA102S25	SES007	-0.705865	8.81128	9.51714
BLOCK10/SES102/SA102S25	SES101	0.069952	9.58709	9.51714
BLOCK10/SES102/SA102S25	SES105	-0.525266	8.99188	9.51714
BLOCK10/SES102/SA102S25	SES147	-2.76446	6.75268	9.51714
BLOCK10/SES102/SA102S27	SES007	-0.999955	7.97527	8.97522
BLOCK10/SES102/SA102S27	SES101	0.411108	9.38633	8.97522
BLOCK10/SES102/SA102S27	SES105	-0.970355	8.00487	8.97522
BLOCK10/SES102/SA102S27	SES147	-2.20784	6.76738	8.97522
BLOCK10/SES103/SA103S14	SES105	-2.73824	4.95368	7.69192
BLOCK10/SES103/SA103S14	SES106	-1.69603	5.99589	7.69192
BLOCK10/SES103/SA103S14	SES120	-2.86523	4.82668	7.69192
BLOCK10/SES103/SA103S14	SES206	-3.07132	4.62059	7.69192
BLOCK10/SES103/SA103S15	SES099	-1.70397	4.70931	6.41328
BLOCK10/SES103/SA103S15	SES101	-4.35011	2.06317	6.41328
BLOCK10/SES103/SA103S15	SES104	-2.51395	3.89933	6.41328
BLOCK10/SES103/SA103S15	SES125	-1.5672	4.84608	6.41328
BLOCK10/SES103/SA103S24	SES104	-2.18418	6.62438	8.80856
BLOCK10/SES103/SA103S24	SES125	-2.49448	6.31408	8.80856
BLOCK10/SES103/SA103S24	SES148	-3.2202	5.58837	8.80856
BLOCK10/SES103/SA103S24	SES158	-1.33064	7.47793	8.80856
BLOCK10/SES103/SA103S26	SES104	-2.54518	4.5	7.04518
BLOCK10/SES103/SA103S26	SES106	-1.37534	5.66983	7.04518
BLOCK10/SES103/SA103S26	SES125	-2.54005	4.50513	7.04518
BLOCK10/SES103/SA103S26	SES148	-4.12127	2.9239	7.04518
BLOCK10/SES103/SA103S28	SES104	-2.86041	3.84338	6.70378
BLOCK10/SES103/SA103S28	SES106	-1.35655	5.34723	6.70378
BLOCK10/SES103/SA103S28	SES125	-2.58087	4.12291	6.70378
BLOCK10/SES103/SA103S28	SES206	-3.77627	2.92751	6.70378
BLOCK12/SES121/SA121S12	SES042	-3.12125	3.34814	6.46939
BLOCK12/SES121/SA121S12	SES087	-1.53993	4.92946	6.46939
BLOCK12/SES121/SA121S12	SES105	-1.41458	5.05481	6.46939
BLOCK12/SES121/SA121S12	SES206	-1.6423	4.82709	6.46939
BLOCK12/SES121/SA121S14	SES007	-2.48793	3.57603	6.06397
BLOCK12/SES121/SA121S14	SES105	-2.35757	3.7064	6.06397
BLOCK12/SES121/SA121S14	SES106	-1.89745	4.16651	6.06397
BLOCK12/SES121/SA121S14	SES206	-2.20766	3.85631	6.06397
BLOCK12/SES121/SA121S23	SES105	-1.84034	4.56268	6.40302
BLOCK12/SES121/SA121S23	SES106	-0.584523	5.81849	6.40302
BLOCK12/SES121/SA121S23	SES120	-1.86645	4.53657	6.40302
BLOCK12/SES121/SA121S23	SES206	-1.00438	5.39863	6.40302
BLOCK12/SES121/SA121S25	SES007	-2.47382	1.96302	4.43684
BLOCK12/SES121/SA121S25	SES105	-2.2687	2.16814	4.43684
BLOCK12/SES121/SA121S25	SES106	-1.2934	3.14344	4.43684
BLOCK12/SES121/SA121S25	SES206	-2.36461	2.07223	4.43684
BLOCK12/SES121/SA121S27	SES087	-0.655858	6.05472	6.71058
BLOCK12/SES121/SA121S27	SES105	-3.79354	2.91704	6.71058
BLOCK12/SES121/SA121S27	SES120	-1.00626	5.70432	6.71058
BLOCK12/SES121/SA121S27	SES206	-1.5042	5.20638	6.71058
BLOCK12/SES124/SA124S16	SES042	-0.601967	7.58596	8.18793
BLOCK12/SES124/SA124S16	SES082	-1.83633	6.35161	8.18793
BLOCK12/SES124/SA124S16	SES183	-2.05456	6.13337	8.18793
BLOCK12/SES124/SA124S16	SES206	-1.8396	6.34833	8.18793
BLOCK12/SES124/SA124S17	SES105	-2.20879	4.49091	6.6997
BLOCK12/SES124/SA124S17	SES149	-3.0807	3.61901	6.6997
BLOCK12/SES124/SA124S17	SES158	-2.50905	4.19066	6.6997
BLOCK12/SES124/SA124S17	SES275	-1.36806	5.33164	6.6997
BLOCK12/SES124/SA124S23	SES105	-2.91557	6.62351	9.53908
BLOCK12/SES124/SA124S23	SES125	-0.526099	9.01298	9.53908
BLOCK12/SES124/SA124S23	SES129	-2.75242	6.78666	9.53908
BLOCK12/SES124/SA124S23	SES158	-0.817936	8.72114	9.53908
BLOCK12/SES124/SA124S26	SES105	-3.78974	5.04018	8.82992
BLOCK12/SES124/SA124S26	SES125	-1.72408	7.10583	8.82992
BLOCK12/SES124/SA124S26	SES129	-3.02544	5.80448	8.82992
BLOCK12/SES124/SA124S26	SES158	-1.6977	7.13221	8.82992
BLOCK12/SES124/SA124S28	SES104	-1.40342	7.50392	8.90734
BLOCK12/SES124/SA124S28	SES106	-1.111	7.79635	8.90734
BLOCK12/SES124/SA124S28	SES125	-0.610073	8.29727	8.90734
BLOCK12/SES124/SA124S28	SES275	-2.46992	6.43742	8.90734
BLOCK12/SES126/SA126S13	SES007	-1.31584	6.89058	8.20642
BLOCK12/SES126/SA126S13	SES162	-2.07723	6.1292	8.20642
BLOCK12/SES126/SA126S13	SES177	-1.28994	6.91649	8.20642
BLOCK12/SES126/SA126S13	SES180	-1.45505	6.75137	8.20642
BLOCK12/SES126/SA126S14	SES144	-1.6421	8.25235	9.89445
BLOCK12/SES126/SA126S14	SES148	-2.08334	7.8111	9.89445
BLOCK12/SES126/SA126S14	SES177	-1.17428	8.72017	9.89445
BLOCK12/SES126/SA126S14	SES180	-2.12453	7.76992	9.89445
BLOCK12/SES126/SA126S20	SES007	-0.851278	8.59113	9.44241
BLOCK12/SES126/SA126S20	SES162	-1.95938	7.48303	9.44241
BLOCK12/SES126/SA126S20	SES172	-2.21683	7.22558	9.44241
BLOCK12/SES126/SA126S20	SES180	-1.71339	7.72903	9.44241
BLOCK12/SES126/SA126S24	SES120	-0.96795	9.54904	10.517
BLOCK12/SES126/SA126S24	SES162	-1.73829	8.7787	10.517
BLOCK12/SES126/SA126S24	SES177	-0.995479	9.52151	10.517
BLOCK12/SES126/SA126S24	SES180	-1.25031	9.26669	10.517
BLOCK12/SES126/SA126S26	SES120	-0.96069	8.82519	9.78588
BLOCK12/SES126/SA126S26	SES177	-1.98934	7.79654	9.78588
BLOCK12/SES126/SA126S26	SES180	-1.94164	7.84424	9.78588
BLOCK12/SES126/SA126S26	SES202	-2.85498	6.9309	9.78588
BLOCK12/SES128/SA128S10	SES087	-2.77029	6.24985	9.02015
BLOCK12/SES128/SA128S10	SES206	-1.64652	7.37363	9.02015
BLOCK12/SES128/SA128S10	SES226	-1.16834	7.85181	9.02015
BLOCK12/SES128/SA128S10	SES270	-1.02911	7.99103	9.02015
BLOCK12/SES128/SA128S12	SES120	-1.5829	6.88951	8.47241
BLOCK12/SES128/SA128S12	SES158	-2.43378	6.03863	8.47241
BLOCK12/SES128/SA128S12	SES206	-1.56744	6.90497	8.47241
BLOCK12/SES128/SA128S12	SES226	-1.99693	6.47548	8.47241
BLOCK12/SES128/SA128S21	SES106	-2.41334	5.18819	7.60153
BLOCK12/SES128/SA128S21	SES120	-2.19014	5.4114	7.60153
BLOCK12/SES128/SA128S21	SES206	-1.77287	5.82867	7.60153
BLOCK12/SES128/SA128S21	SES226	-1.34535	6.25618	7.60153
BLOCK12/SES128/SA128S24	SES087	-2.11201	6.61526	8.72727
BLOCK12/SES128/SA128S24	SES120	-1.23716	7.49011	8.72727
BLOCK12/SES128/SA128S24	SES206	-1.71108	7.01619	8.72727
BLOCK12/SES128/SA128S24	SES226	-2.21403	6.51324	8.72727
BLOCK12/SES128/SA128S27	SES099	-1.13207	8.42814	9.56021
BLOCK12/SES128/SA128S27	SES120	-1.11822	8.44199	9.56021
BLOCK12/SES128/SA128S27	SES206	-1.48129	8.07892	9.56021
BLOCK12/SES128/SA128S27	SES226	-1.62936	7.93085	9.56021
BLOCK13/SES130/SA130S13	SES143	-0.862814	8.42787	9.29068
BLOCK13/SES130/SA130S13	SES144	-0.330825	8.95985	9.29068
BLOCK13/SES130/SA130S13	SES146	-1.21967	8.07101	9.29068
BLOCK13/SES130/SA130S13	SES275	-2.2163	7.07438	9.29068
BLOCK13/SES130/SA130S15	SES143	-1.28775	8.85462	10.1424
BLOCK13/SES130/SA130S15	SES144	-0.359625	9.78275	10.1424
BLOCK13/SES130/SA130S15	SES146	-1.09126	9.05111	10.1424
BLOCK13/SES130/SA130S15	SES275	-1.34364	8.79873	10.1424
BLOCK13/SES130/SA130S23	SES127	-1.71045	6.97483	8.68528
BLOCK13/SES130/SA130S23	SES144	-1.74876	6.93652	8.68528
BLOCK13/SES130/SA130S23	SES146	-1.00833	7.67695	8.68528
BLOCK13/SES130/SA130S23	SES162	-0.777741	7.90754	8.68528
BLOCK13/SES130/SA130S25	SES127	-0.668939	9.40657	10.0755
BLOCK13/SES130/SA130S25	SES144	-0.740586	9.33493	10.0755
BLOCK13/SES130/SA130S25	SES146	-0.570087	9.50542	10.0755
BLOCK13/SES130/SA130S25	SES275	-0.659938	9.41557	10.0755
BLOCK13/SES130/SA130S28	SES127	-0.770713	8.55477	9.32548
BLOCK13/SES130/SA130S28	SES144	-1.15751	8.16797	9.32548
BLOCK13/SES130/SA130S28	SES146	-0.721528	8.60395	9.32548
BLOCK13/SES130/SA130S28	SES275	-0.807852	8.51763	9.32548
BLOCK13/SES131/SA131S13	SES002	-2.26067	4.33707	6.59774
BLOCK13/SES131/SA131S13	SES007	-2.73843	3.85932	6.59774
BLOCK13/SES131/SA131S13	SES099	-1.6518	4.94595	6.59774
BLOCK13/SES131/SA131S13	SES105	-2.14246	4.45528	6.59774
BLOCK13/SES131/SA131S14	SES104	-0.905389	7.3455	8.25089
BLOCK13/SES131/SA131S14	SES106	-1.33776	6.91313	8.25089
BLOCK13/SES131/SA131S14	SES125	-1.4995	6.75138	8.25089
BLOCK13/SES131/SA131S14	SES148	-1.43418	6.81671	8.25089
BLOCK13/SES131/SA131S20	SES104	-2.8788	3.45934	6.33814
BLOCK13/SES131/SA131S20	SES106	-1.97501	4.36313	6.33814
BLOCK13/SES131/SA131S20	SES125	-3.13926	3.19888	6.33814
BLOCK13/SES131/SA131S20	SES148	-2.04314	4.295	6.33814
BLOCK13/SES131/SA131S22	SES099	-2.34104	5.70651	8.04755
BLOCK13/SES131/SA131S22	SES104	-2.31947	5.72807	8.04755
BLOCK13/SES131/SA131S22	SES125	-2.55792	5.48963	8.04755
BLOCK13/SES131/SA131S22	SES206	-2.57038	5.47716	8.04755
BLOCK13/SES131/SA131S29	SES087	-2.35168	4.75255	7.10423
BLOCK13/SES131/SA131S29	SES104	-3.20525	3.89898	7.10423
BLOCK13/SES131/SA131S29	SES125	-2.9243	4.17993	7.10423
BLOCK13/SES131/SA131S29	SES206	-2.63685	4.46738	7.10423
BLOCK13/SES132/SA132S11	SES083	-2.34951	7.53046	9.87997
BLOCK13/SES132/SA132S11	SES120	-0.344289	9.53568	9.87997
BLOCK13/SES132/SA132S11	SES127	-1.59163	8.28835	9.87997
BLOCK13/SES132/SA132S11	SES275	-1.27984	8.60013	9.87997
BLOCK13/SES132/SA132S12	SES083	-1.98729	8.00788	9.99517
BLOCK13/SES132/SA132S12	SES143	-1.42913	8.56603	9.99517
BLOCK13/SES132/SA132S12	SES144	-1.30087	8.69429	9.99517
BLOCK13/SES132/SA132S12	SES148	-1.19556	8.79961	9.99517
BLOCK13/SES132/SA132S22	SES062	-1.08434	9.01692	10.1013
BLOCK13/SES132/SA132S22	SES083	-1.68923	8.41203	10.1013
BLOCK13/SES132/SA132S22	SES127	-1.53835	8.56291	10.1013
BLOCK13/SES132/SA132S22	SES275	-1.04099	9.06028	10.1013
BLOCK13/SES132/SA132S24	SES007	-1.12154	9.51863	10.6402
BLOCK13/SES132/SA132S24	SES083	-2.44385	8.19633	10.6402
BLOCK13/SES132/SA132S24	SES127	-2.13787	8.50231	10.6402
BLOCK13/SES132/SA132S24	SES275	-0.92601	9.71417	10.6402
BLOCK13/SES132/SA132S27	SES083	-2.09452	7.30444	9.39895
BLOCK13/SES132/SA132S27	SES120	0.0391445	9.4381	9.39895
BLOCK13/SES132/SA132S27	SES127	-1.81441	7.58454	9.39895
BLOCK13/SES132/SA132S27	SES275	-1.58223	7.81672	9.39895
BLOCK14/SES141/SA141S09	SES143	-1.12381	8.53697	9.66078
BLOCK14/SES141/SA141S09	SES144	-0.460242	9.20054	9.66078
BLOCK14/SES141/SA141S09	SES162	-1.45493	8.20585	9.66078
BLOCK14/SES141/SA141S09	SES180	-1.00968	8.65109	9.66078
BLOCK14/SES141/SA141S15	SES127	-1.19605	8.30297	9.49902
BLOCK14/SES141/SA141S15	SES144	-1.0294	8.46962	9.49902
BLOCK14/SES141/SA141S15	SES162	-1.73213	7.76688	9.49902
BLOCK14/SES141/SA141S15	SES180	-1.15864	8.34038	9.49902
BLOCK14/SES141/SA141S24	SES127	-1.16452	8.5196	9.68412
BLOCK14/SES141/SA141S24	SES144	-1.34985	8.33427	9.68412
BLOCK14/SES141/SA141S24	SES162	-1.66247	8.02164	9.68412
BLOCK14/SES141/SA141S24	SES183	-1.79206	7.89206	9.68412
BLOCK14/SES141/SA141S26	SES142	-0.747842	8.6278	9.37564
BLOCK14/SES141/SA141S26	SES144	-1.30347	8.07217	9.37564
BLOCK14/SES141/SA141S26	SES172	-0.758006	8.61764	9.37564
BLOCK14/SES141/SA141S26	SES180	-1.26281	8.11284	9.37564
BLOCK14/SES141/SA141S29	SES127	-0.579353	8.89386	9.47321
BLOCK14/SES141/SA141S29	SES142	-0.483338	8.98987	9.47321
BLOCK14/SES141/SA141S29	SES144	-1.25997	8.21324	9.47321
BLOCK14/SES141/SA141S29	SES180	-0.625389	8.84782	9.47321
BLOCK15/SES157/SA157S08	SES083	-1.93131	7.07667	9.00798
BLOCK15/SES157/SA157S08	SES127	-1.19529	7.8127	9.00798
BLOCK15/SES157/SA157S08	SES148	-1.61124	7.39674	9.00798
BLOCK15/SES157/SA157S08	SES292	-1.89346	7.11452	9.00798
BLOCK15/SES157/SA157S11	SES083	-1.8682	7.7288	9.597
BLOCK15/SES157/SA157S11	SES127	-1.02518	8.57182	9.597
BLOCK15/SES157/SA157S11	SES148	-2.05953	7.53747	9.597
BLOCK15/SES157/SA157S11	SES292	-1.77482	7.82218	9.597
BLOCK15/SES157/SA157S21	SES127	-0.854328	8.75716	9.61149
BLOCK15/SES157/SA157S21	SES148	-0.59622	9.01527	9.61149
BLOCK15/SES157/SA157S21	SES158	-5.17238	4.43911	9.61149
BLOCK15/SES157/SA157S21	SES292	-1.49006	8.12142	9.61149
BLOCK15/SES157/SA157S24	SES127	-0.925339	8.69708	9.62242
BLOCK15/SES157/SA157S24	SES148	-1.23599	8.38643	9.62242
BLOCK15/SES157/SA157S24	SES183	-0.947242	8.67518	9.62242
BLOCK15/SES157/SA157S24	SES292	-1.7179	7.90452	9.62242
BLOCK15/SES157/SA157S26	SES007	-0.468734	9.06621	9.53495
BLOCK15/SES157/SA157S26	SES127	-0.626529	8.90842	9.53495
BLOCK15/SES157/SA157S26	SES147	-2.00754	7.52741	9.53495
BLOCK15/SES157/SA157S26	SES148	-1.55911	7.97584	9.53495
BLOCK16/SES161/SA161S10	SES007	-2.08776	5.22311	7.31087
BLOCK16/SES161/SA161S10	SES105	-1.52432	5.78655	7.31087
BLOCK16/SES161/SA161S10	SES158	-1.76471	5.54616	7.31087
BLOCK16/SES161/SA161S10	SES275	-1.25059	6.06028	7.31087
BLOCK16/SES161/SA161S12	SES007	-2.32378	5.67853	8.00231
BLOCK16/SES161/SA161S12	SES105	-2.82124	5.18107	8.00231
BLOCK16/SES161/SA161S12	SES158	-2.14682	5.85549	8.00231
BLOCK16/SES161/SA161S12	SES275	-1.49095	6.51135	8.00231
BLOCK16/SES161/SA161S20	SES007	-1.78079	5.3816	7.16239
BLOCK16/SES161/SA161S20	SES105	-2.56718	4.5952	7.16239
BLOCK16/SES161/SA161S20	SES158	-1.96965	5.19273	7.16239
BLOCK16/SES161/SA161S20	SES275	-1.83579	5.3266	7.16239
BLOCK16/SES161/SA161S23	SES007	-2.79172	5.39311	8.18483
BLOCK16/SES161/SA161S23	SES105	-1.69469	6.49014	8.18483
BLOCK16/SES161/SA161S23	SES148	-1.72331	6.46152	8.18483
BLOCK16/SES161/SA161S23	SES158	-2.10009	6.08474	8.18483
BLOCK16/SES161/SA161S28	SES007	-2.53935	5.63273	8.17208
BLOCK16/SES161/SA161S28	SES105	-2.65886	5.51322	8.17208
BLOCK16/SES161/SA161S28	SES158	-1.432	6.74009	8.17208
BLOCK16/SES161/SA161S28	SES206	-1.83189	6.3402	8.17208
BLOCK16/SES164/SA164S11	SES104	-2.03083	6.91766	8.94849
BLOCK16/SES164/SA164S11	SES125	-1.83786	7.11063	8.94849
BLOCK16/SES164/SA164S11	SES158	-1.03216	7.91633	8.94849
BLOCK16/SES164/SA164S11	SES206	-2.84502	6.10347	8.94849
BLOCK16/SES164/SA164S13	SES099	-1.96744	5.87662	7.84405
BLOCK16/SES164/SA164S13	SES104	-2.61549	5.22857	7.84405
BLOCK16/SES164/SA164S13	SES125	-2.22544	5.61861	7.84405
BLOCK16/SES164/SA164S13	SES206	-2.51016	5.3339	7.84405
BLOCK16/SES164/SA164S24	SES002	-0.759501	7.62254	8.38204
BLOCK16/SES164/SA164S24	SES099	-2.23458	6.14747	8.38204
BLOCK16/SES164/SA164S24	SES125	-2.58781	5.79423	8.38204
BLOCK16/SES164/SA164S24	SES226	-0.629548	7.75249	8.38204
BLOCK16/SES164/SA164S27	SES087	-2.05144	5.68168	7.73313
BLOCK16/SES164/SA164S27	SES125	-1.80829	5.92484	7.73313
BLOCK16/SES164/SA164S27	SES206	-2.61931	5.11381	7.73313
BLOCK16/SES164/SA164S27	SES226	-1.28866	6.44447	7.73313
BLOCK16/SES164/SA164S29	SES002	-0.38542	7.32962	7.71504
BLOCK16/SES164/SA164S29	SES019	-1.94408	5.77096	7.71504
BLOCK16/SES164/SA164S29	SES125	-1.99156	5.72348	7.71504
BLOCK16/SES164/SA164S29	SES226	-2.25359	5.46144	7.71504
BLOCK16/SES169/SA169S13	SES117	-1.2084	7.56972	8.77812
BLOCK16/SES169/SA169S13	SES144	-0.934752	7.84337	8.77812
BLOCK16/SES169/SA169S13	SES146	-1.35486	7.42326	8.77812
BLOCK16/SES169/SA169S13	SES162	-0.869474	7.90865	8.77812
BLOCK16/SES169/SA169S14	SES144	-1.63475	8.11491	9.74965
BLOCK16/SES169/SA169S14	SES148	-1.4253	8.32435	9.74965
BLOCK16/SES169/SA169S14	SES177	-0.783661	8.96599	9.74965
BLOCK16/SES169/SA169S14	SES180	-1.56454	8.18511	9.74965
BLOCK16/SES169/SA169S24	SES117	-1.0111	7.0823	8.0934
BLOCK16/SES169/SA169S24	SES144	-0.646903	7.4465	8.0934
BLOCK16/SES169/SA169S24	SES146	-0.586107	7.50729	8.0934
BLOCK16/SES169/SA169S24	SES162	-0.68896	7.40444	8.0934
BLOCK16/SES169/SA169S27	SES127	-0.834586	7.81958	8.65417
BLOCK16/SES169/SA169S27	SES129	-0.986585	7.66759	8.65417
BLOCK16/SES169/SA169S27	SES144	-1.25858	7.39559	8.65417
BLOCK16/SES169/SA169S27	SES146	-0.201802	8.45237	8.65417
BLOCK16/SES169/SA169S29	SES144	-0.843001	8.81527	9.65827
BLOCK16/SES169/SA169S29	SES162	-0.358902	9.29937	9.65827
BLOCK16/SES169/SA169S29	SES177	-1.79471	7.86357	9.65827
BLOCK16/SES169/SA169S29	SES180	-1.06089	8.59738	9.65827
BLOCK17/SES171/SA171S12	SES083	-2.022	6.68069	8.70269
BLOCK17/SES171/SA171S12	SES148	-2.35432	6.34837	8.70269
BLOCK17/SES171/SA171S12	SES172	-1.90838	6.79431	8.70269
BLOCK17/SES171/SA171S12	SES292	-2.47709	6.22561	8.70269
BLOCK17/SES171/SA171S15	SES148	-2.01665	6.24241	8.25906
BLOCK17/SES171/SA171S15	SES177	-0.940516	7.31854	8.25906
BLOCK17/SES171/SA171S15	SES180	-2.75053	5.50853	8.25906
BLOCK17/SES171/SA171S15	SES292	-1.51225	6.74681	8.25906
BLOCK17/SES171/SA171S22	SES007	-1.64907	7.97446	9.62352
BLOCK17/SES171/SA171S22	SES148	-1.86622	7.75731	9.62352
BLOCK17/SES171/SA171S22	SES177	-0.827799	8.79573	9.62352
BLOCK17/SES171/SA171S22	SES180	-2.50127	7.12225	9.62352
BLOCK17/SES171/SA171S25	SES101	-1.43192	7.08714	8.51906
BLOCK17/SES171/SA171S25	SES120	-2.81747	5.70159	8.51906
BLOCK17/SES171/SA171S25	SES177	-1.00083	7.51823	8.51906
BLOCK17/SES171/SA171S25	SES180	-2.03186	6.4872	8.51906
BLOCK17/SES171/SA171S27	SES177	-1.10656	7.60232	8.70888
BLOCK17/SES171/SA171S27	SES180	-2.15178	6.5571	8.70888
BLOCK17/SES171/SA171S27	SES189	-1.17687	7.53201	8.70888
BLOCK17/SES171/SA171S27	SES292	-1.94572	6.76317	8.70888
BLOCK17/SES173/SA173S13	SES162	-3.83461	5.51448	9.34909
BLOCK17/SES173/SA173S13	SES177	-2.03225	7.31684	9.34909
BLOCK17/SES173/SA173S13	SES180	-3.41605	5.93304	9.34909
BLOCK17/SES173/SA173S13	SES292	-0.789139	8.55995	9.34909
BLOCK17/SES173/SA173S14	SES007	-1.29037	7.47083	8.7612
BLOCK17/SES173/SA173S14	SES162	-3.00161	5.75959	8.7612
BLOCK17/SES173/SA173S14	SES177	-1.49715	7.26405	8.7612
BLOCK17/SES173/SA173S14	SES180	-3.09137	5.66984	8.7612
BLOCK17/SES173/SA173S24	SES144	-2.14438	6.10701	8.25138
BLOCK17/SES173/SA173S24	SES162	-2.45304	5.79835	8.25138
BLOCK17/SES173/SA173S24	SES177	-0.813039	7.43835	8.25138
BLOCK17/SES173/SA173S24	SES180	-2.41713	5.83425	8.25138
BLOCK17/SES173/SA173S27	SES162	-3.52693	6.0198	9.54673
BLOCK17/SES173/SA173S27	SES177	-1.62021	7.92652	9.54673
BLOCK17/SES173/SA173S27	SES180	-1.9698	7.57692	9.54673
BLOCK17/SES173/SA173S27	SES292	-0.349977	9.19675	9.54673
BLOCK17/SES173/SA173S29	SES162	-2.21903	6.66097	8.88
BLOCK17/SES173/SA173S29	SES175	-1.50942	7.37058	8.88
BLOCK17/SES173/SA173S29	SES177	-0.752884	8.12712	8.88
BLOCK17/SES173/SA173S29	SES292	-1.26575	7.61425	8.88
BLOCK18/SES182/SA182S10	SES144	-0.893528	8.01871	8.91224
BLOCK18/SES182/SA182S10	SES177	-1.3986	7.51364	8.91224
BLOCK18/SES182/SA182S10	SES180	-2.47641	6.43583	8.91224
BLOCK18/SES182/SA182S10	SES275	-0.43783	8.47441	8.91224
BLOCK18/SES182/SA182S12	SES144	0.0388002	9.18892	9.15012
BLOCK18/SES182/SA182S12	SES177	-0.522347	8.62778	9.15012
BLOCK18/SES182/SA182S12	SES180	-1.04529	8.10483	9.15012
BLOCK18/SES182/SA182S12	SES275	-0.209169	8.94095	9.15012
BLOCK18/SES182/SA182S21	SES117	-1.46315	6.69368	8.15682
BLOCK18/SES182/SA182S21	SES144	-1.39207	6.76475	8.15682
BLOCK18/SES182/SA182S21	SES162	-1.17039	6.98643	8.15682
BLOCK18/SES182/SA182S21	SES180	-2.27487	5.88195	8.15682
BLOCK18/SES182/SA182S23	SES117	-1.18473	7.86815	9.05288
BLOCK18/SES182/SA182S23	SES144	-1.73092	7.32197	9.05288
BLOCK18/SES182/SA182S23	SES180	-1.95393	7.09895	9.05288
BLOCK18/SES182/SA182S23	SES275	-0.81165	8.24123	9.05288
BLOCK18/SES182/SA182S25	SES007	-0.0546675	8.69502	8.74968
BLOCK18/SES182/SA182S25	SES162	-1.18344	7.56625	8.74968
BLOCK18/SES182/SA182S25	SES177	-1.4056	7.34408	8.74968
BLOCK18/SES182/SA182S25	SES180	-2.2839	6.46579	8.74968
BLOCK18/SES184/SA184S12	SES177	-1.67199	7.28364	8.95563
BLOCK18/SES184/SA184S12	SES180	-1.32892	7.62671	8.95563
BLOCK18/SES184/SA184S12	SES189	-1.8073	7.14833	8.95563
BLOCK18/SES184/SA184S12	SES292	-1.72082	7.2348	8.95563
BLOCK18/SES184/SA184S13	SES101	-1.44823	7.29986	8.74809
BLOCK18/SES184/SA184S13	SES177	-1.44322	7.30487	8.74809
BLOCK18/SES184/SA184S13	SES180	-1.61523	7.13286	8.74809
BLOCK18/SES184/SA184S13	SES292	-1.84195	6.90613	8.74809
BLOCK18/SES184/SA184S22	SES177	-1.60728	8.55046	10.1577
BLOCK18/SES184/SA184S22	SES180	-1.48026	8.67748	10.1577
BLOCK18/SES184/SA184S22	SES189	-1.83945	8.31829	10.1577
BLOCK18/SES184/SA184S22	SES292	-1.61214	8.5456	10.1577
BLOCK18/SES184/SA184S25	SES101	-1.16751	9.31392	10.4814
BLOCK18/SES184/SA184S25	SES177	-1.79294	8.68849	10.4814
BLOCK18/SES184/SA184S25	SES180	-1.22276	9.25868	10.4814
BLOCK18/SES184/SA184S25	SES292	-1.28455	9.19688	10.4814
BLOCK18/SES184/SA184S27	SES083	-1.22434	7.35636	8.5807
BLOCK18/SES184/SA184S27	SES177	-1.09628	7.48442	8.5807
BLOCK18/SES184/SA184S27	SES202	-1.45053	7.13018	8.5807
BLOCK18/SES184/SA184S27	SES292	-1.57617	7.00454	8.5807
BLOCK20/SES204/SA204S12	SES062	-0.710528	9.31931	10.0298
BLOCK20/SES204/SA204S12	SES083	-2.85645	7.17338	10.0298
BLOCK20/SES204/SA204S12	SES206	-1.45458	8.57525	10.0298
BLOCK20/SES204/SA204S12	SES226	-1.96475	8.06508	10.0298
BLOCK20/SES204/SA204S14	SES068	-1.01812	10.2487	11.2668
BLOCK20/SES204/SA204S14	SES087	-0.629874	10.6369	11.2668
BLOCK20/SES204/SA204S14	SES206	-1.87036	9.39644	11.2668
BLOCK20/SES204/SA204S14	SES226	-2.78213	8.48468	11.2668
BLOCK20/SES204/SA204S22	SES068	-1.41996	8.86905	10.289
BLOCK20/SES204/SA204S22	SES082	-3.04239	7.24661	10.289
BLOCK20/SES204/SA204S22	SES083	-3.56443	6.72458	10.289
BLOCK20/SES204/SA204S22	SES206	-2.04579	8.24322	10.289
BLOCK20/SES204/SA204S25	SES062	-1.79963	8.23575	10.0354
BLOCK20/SES204/SA204S25	SES083	-3.17276	6.86262	10.0354
BLOCK20/SES204/SA204S25	SES206	-1.51052	8.52487	10.0354
BLOCK20/SES204/SA204S25	SES226	-2.28096	7.75443	10.0354
BLOCK20/SES204/SA204S27	SES068	-1.82739	7.7281	9.55549
BLOCK20/SES204/SA204S27	SES082	-2.8362	6.7193	9.55549
BLOCK20/SES204/SA204S27	SES087	-1.66805	7.88744	9.55549
BLOCK20/SES204/SA204S27	SES206	-2.04575	7.50974	9.55549
BLOCK20/SES207/SA207S10	SES127	-1.82779	6.94388	8.77167
BLOCK20/SES207/SA207S10	SES183	-1.86207	6.9096	8.77167
BLOCK20/SES207/SA207S10	SES189	-2.0319	6.73977	8.77167
BLOCK20/SES207/SA207S10	SES292	-1.40626	7.36541	8.77167
BLOCK20/SES207/SA207S11	SES127	-1.76384	6.87752	8.64136
BLOCK20/SES207/SA207S11	SES183	-1.46057	7.18078	8.64136
BLOCK20/SES207/SA207S11	SES187	-1.45744	7.18392	8.64136
BLOCK20/SES207/SA207S11	SES292	-1.11421	7.52715	8.64136
BLOCK20/SES207/SA207S25	SES068	-1.41676	7.58774	9.00451
BLOCK20/SES207/SA207S25	SES083	-1.77609	7.22842	9.00451
BLOCK20/SES207/SA207S25	SES127	-0.871229	8.13328	9.00451
BLOCK20/SES207/SA207S25	SES187	-1.33133	7.67317	9.00451
BLOCK20/SES207/SA207S27	SES127	-1.83812	5.61229	7.45041
BLOCK20/SES207/SA207S27	SES183	-1.0862	6.36421	7.45041
BLOCK20/SES207/SA207S27	SES187	-1.36269	6.08772	7.45041
BLOCK20/SES207/SA207S27	SES292	-1.64924	5.80117	7.45041
BLOCK20/SES207/SA207S29	SES083	-2.43433	6.76459	9.19892
BLOCK20/SES207/SA207S29	SES085	-1.08372	8.11519	9.19892
BLOCK20/SES207/SA207S29	SES172	-1.09552	8.1034	9.19892
BLOCK20/SES207/SA207S29	SES189	-2.14671	7.05221	9.19892
BLOCK22/SES221/SA221S12	SES068	-0.542494	9.59221	10.1347
BLOCK22/SES221/SA221S12	SES143	-1.95638	8.17833	10.1347
BLOCK22/SES221/SA221S12	SES175	-0.767421	9.36728	10.1347
BLOCK22/SES221/SA221S12	SES202	-1.30151	8.83319	10.1347
BLOCK22/SES221/SA221S15	SES085	-0.459244	8.61308	9.07233
BLOCK22/SES221/SA221S15	SES143	-1.89835	7.17398	9.07233
BLOCK22/SES221/SA221S15	SES175	-0.914894	8.15743	9.07233
BLOCK22/SES221/SA221S15	SES187	-1.59404	7.47828	9.07233
BLOCK22/SES221/SA221S23	SES068	-0.751334	9.00472	9.75605
BLOCK22/SES221/SA221S23	SES143	-1.6524	8.10365	9.75605
BLOCK22/SES221/SA221S23	SES175	-0.444312	9.31174	9.75605
BLOCK22/SES221/SA221S23	SES189	-1.04392	8.71213	9.75605
BLOCK22/SES221/SA221S27	SES085	0.575849	10.2339	9.65802
BLOCK22/SES221/SA221S27	SES143	-1.27548	8.38254	9.65802
BLOCK22/SES221/SA221S27	SES175	-0.457284	9.20074	9.65802
BLOCK22/SES221/SA221S27	SES189	-0.160143	9.49788	9.65802
BLOCK22/SES221/SA221S29	SES085	0.1475	8.76611	8.61861
BLOCK22/SES221/SA221S29	SES143	-1.43265	7.18596	8.61861
BLOCK22/SES221/SA221S29	SES175	-0.184879	8.43373	8.61861
BLOCK22/SES221/SA221S29	SES187	-1.44353	7.17508	8.61861
BLOCK22/SES223/SA223S11	SES143	-1.69808	6.04156	7.73964
BLOCK22/SES223/SA223S11	SES144	-3.17926	4.56038	7.73964
BLOCK22/SES223/SA223S11	SES175	-1.13315	6.60649	7.73964
BLOCK22/SES223/SA223S11	SES187	-2.72467	5.01497	7.73964
BLOCK22/SES223/SA223S13	SES068	-1.21828	6.41529	7.63357
BLOCK22/SES223/SA223S13	SES143	-2.58558	5.04798	7.63357
BLOCK22/SES223/SA223S13	SES146	-2.23042	5.40315	7.63357
BLOCK22/SES223/SA223S13	SES202	-2.35507	5.2785	7.63357
BLOCK22/SES223/SA223S22	SES143	-1.47339	6.89955	8.37295
BLOCK22/SES223/SA223S22	SES144	-2.66837	5.70458	8.37295
BLOCK22/SES223/SA223S22	SES175	-0.961037	7.41191	8.37295
BLOCK22/SES223/SA223S22	SES187	-1.48483	6.88812	8.37295
BLOCK22/SES223/SA223S25	SES068	-1.32819	7.19606	8.52425
BLOCK22/SES223/SA223S25	SES143	-2.23288	6.29138	8.52425
BLOCK22/SES223/SA223S25	SES175	-1.19564	7.32861	8.52425
BLOCK22/SES223/SA223S25	SES187	-2.02322	6.50103	8.52425
BLOCK22/SES223/SA223S27	SES143	-1.07561	6.15191	7.22752
BLOCK22/SES223/SA223S27	SES146	-1.41291	5.81461	7.22752
BLOCK22/SES223/SA223S27	SES187	-2.21756	5.00997	7.22752
BLOCK22/SES223/SA223S27	SES292	-0.628465	6.59906	7.22752
BLOCK27/SES273/SA273S12	SES099	-0.7792	9.69585	10.475
BLOCK27/SES273/SA273S12	SES104	-1.30683	9.16822	10.475
BLOCK27/SES273/SA273S12	SES125	-2.24574	8.22931	10.475
BLOCK27/SES273/SA273S12	SES206	-1.15628	9.31877	10.475
BLOCK27/SES273/SA273S13	SES099	-1.0869	9.44529	10.5322
BLOCK27/SES273/SA273S13	SES104	-1.72184	8.81035	10.5322
BLOCK27/SES273/SA273S13	SES206	-1.71265	8.81954	10.5322
BLOCK27/SES273/SA273S13	SES292	-1.5673	8.96489	10.5322
BLOCK27/SES273/SA273S21	SES099	-0.243932	10.138	10.382
BLOCK27/SES273/SA273S21	SES148	-2.60092	7.78103	10.382
BLOCK27/SES273/SA273S21	SES149	-1.90938	8.47258	10.382
BLOCK27/SES273/SA273S21	SES177	-2.20945	8.17251	10.382
BLOCK27/SES273/SA273S25	SES104	-1.82755	7.79911	9.62666
BLOCK27/SES273/SA273S25	SES125	-1.8491	7.77756	9.62666
BLOCK27/SES273/SA273S25	SES158	-0.608709	9.01795	9.62666
BLOCK27/SES273/SA273S25	SES206	-0.421937	9.20472	9.62666
BLOCK27/SES273/SA273S27	SES099	-0.617477	9.57504	10.1925
BLOCK27/SES273/SA273S27	SES104	-1.37015	8.82236	10.1925
BLOCK27/SES273/SA273S27	SES149	-1.17418	9.01834	10.1925
BLOCK27/SES273/SA273S27	SES275	-1.82316	8.36935	10.1925
BLOCK27/SES274/SA274S10	SES105	-2.18074	8.05362	10.2344
BLOCK27/SES274/SA274S10	SES125	-2.44026	7.79411	10.2344
BLOCK27/SES274/SA274S10	SES129	-1.10403	9.13034	10.2344
BLOCK27/SES274/SA274S10	SES158	-3.61671	6.61765	10.2344
BLOCK27/SES274/SA274S11	SES105	-1.58336	8.7722	10.3556
BLOCK27/SES274/SA274S11	SES149	-1.84834	8.50721	10.3556
BLOCK27/SES274/SA274S11	SES158	-2.41711	7.93845	10.3556
BLOCK27/SES274/SA274S11	SES275	-0.895916	9.45964	10.3556
BLOCK27/SES274/SA274S21	SES105	-2.19333	7.58162	9.77495
BLOCK27/SES274/SA274S21	SES129	-1.24782	8.52712	9.77495
BLOCK27/SES274/SA274S21	SES149	-1.3814	8.39355	9.77495
BLOCK27/SES274/SA274S21	SES158	-4.72073	5.05422	9.77495
BLOCK27/SES274/SA274S24	SES105	-2.07805	8.47161	10.5497
BLOCK27/SES274/SA274S24	SES129	-0.835054	9.7146	10.5497
BLOCK27/SES274/SA274S24	SES149	-2.42116	8.1285	10.5497
BLOCK27/SES274/SA274S24	SES158	-4.83098	5.71867	10.5497
BLOCK27/SES274/SA274S29	SES105	-2.32618	7.30962	9.6358
BLOCK27/SES274/SA274S29	SES106	-3.02176	6.61405	9.6358
BLOCK27/SES274/SA274S29	SES120	-1.2906	8.3452	9.6358
BLOCK27/SES274/SA274S29	SES275	-1.29409	8.34171	9.6358
BLOCK27/SES276/SA276S16	SES148	-1.39934	7.77391	9.17325
BLOCK27/SES276/SA276S16	SES172	-0.818064	8.35519	9.17325
BLOCK27/SES276/SA276S16	SES180	-1.42045	7.7528	9.17325
BLOCK27/SES276/SA276S16	SES292	-1.45107	7.72218	9.17325
BLOCK27/SES276/SA276S17	SES101	-1.13413	8.49422	9.62835
BLOCK27/SES276/SA276S17	SES177	-1.67915	7.9492	9.62835
BLOCK27/SES276/SA276S17	SES180	-1.37577	8.25258	9.62835
BLOCK27/SES276/SA276S17	SES292	-1.48817	8.14018	9.62835
BLOCK27/SES276/SA276S24	SES101	-0.984534	9.29049	10.275
BLOCK27/SES276/SA276S24	SES177	-1.06972	9.2053	10.275
BLOCK27/SES276/SA276S24	SES180	-1.74287	8.53216	10.275
BLOCK27/SES276/SA276S24	SES292	-2.70489	7.57013	10.275
BLOCK27/SES276/SA276S26	SES101	-1.92295	8.73526	10.6582
BLOCK27/SES276/SA276S26	SES177	-0.834805	9.8234	10.6582
BLOCK27/SES276/SA276S26	SES180	-0.098135	10.5601	10.6582
BLOCK27/SES276/SA276S26	SES292	-0.289631	10.3686	10.6582
BLOCK27/SES276/SA276S28	SES101	-1.22183	9.09298	10.3148
BLOCK27/SES276/SA276S28	SES177	-1.70551	8.60929	10.3148
BLOCK27/SES276/SA276S28	SES180	-0.318775	9.99603	10.3148
BLOCK27/SES276/SA276S28	SES292	-1.21736	9.09745	10.3148
BLOCK27/SES277/SA277S12	SES101	-1.58365	6.74152	8.32516
BLOCK27/SES277/SA277S12	SES177	-2.21359	6.11157	8.32516
BLOCK27/SES277/SA277S12	SES180	-2.93773	5.38743	8.32516
BLOCK27/SES277/SA277S12	SES292	-3.03022	5.29494	8.32516
BLOCK27/SES277/SA277S14	SES177	-1.37246	5.89669	7.26915
BLOCK27/SES277/SA277S14	SES180	-2.58017	4.68898	7.26915
BLOCK27/SES277/SA277S14	SES189	-0.471422	6.79773	7.26915
BLOCK27/SES277/SA277S14	SES292	-2.80442	4.46473	7.26915
BLOCK27/SES277/SA277S21	SES177	-0.609488	8.2711	8.88059
BLOCK27/SES277/SA277S21	SES180	-2.20128	6.67931	8.88059
BLOCK27/SES277/SA277S21	SES189	-0.130753	8.74984	8.88059
BLOCK27/SES277/SA277S21	SES292	-2.63851	6.24208	8.88059
BLOCK27/SES277/SA277S24	SES144	-1.98971	5.30505	7.29476
BLOCK27/SES277/SA277S24	SES177	-0.970861	6.3239	7.29476
BLOCK27/SES277/SA277S24	SES180	-2.65366	4.6411	7.29476
BLOCK27/SES277/SA277S24	SES189	-0.60433	6.69043	7.29476
BLOCK27/SES277/SA277S29	SES177	-1.29503	8.67632	9.97135
BLOCK27/SES277/SA277S29	SES180	-2.24003	7.73133	9.97135
BLOCK27/SES277/SA277S29	SES202	-1.71655	8.2548	9.97135
BLOCK27/SES277/SA277S29	SES292	-2.51898	7.45237	9.97135
BLOCK27/SES279/SA279S09	SES120	-1.44436	8.00191	9.44627
BLOCK27/SES279/SA279S09	SES146	-2.31939	7.12687	9.44627
BLOCK27/SES279/SA279S09	SES206	-1.46227	7.98399	9.44627
BLOCK27/SES279/SA279S09	SES226	-2.78679	6.65948	9.44627
BLOCK27/SES279/SA279S10	SES099	-0.583654	9.21336	9.79702
BLOCK27/SES279/SA279S10	SES206	-0.82377	8.97325	9.79702
BLOCK27/SES279/SA279S10	SES226	-2.13088	7.66613	9.79702
BLOCK27/SES279/SA279S10	SES292	-0.810433	8.98658	9.79702
BLOCK27/SES279/SA279S20	SES099	-1.83309	7.83852	9.67161
BLOCK27/SES279/SA279S20	SES206	-0.811019	8.86059	9.67161
BLOCK27/SES279/SA279S20	SES226	-1.99428	7.67733	9.67161
BLOCK27/SES279/SA279S20	SES292	-0.65184	9.01977	9.67161
BLOCK27/SES279/SA279S26	SES099	-1.02733	8.32736	9.3547
BLOCK27/SES279/SA279S26	SES206	-0.570381	8.78432	9.3547
BLOCK27/SES279/SA279S26	SES226	-2.15883	7.19587	9.3547
BLOCK27/SES279/SA279S26	SES292	-0.568762	8.78594	9.3547
BLOCK27/SES279/SA279S28	SES099	-1.13134	10.2225	11.3539
BLOCK27/SES279/SA279S28	SES120	-1.11595	10.2379	11.3539
BLOCK27/SES279/SA279S28	SES177	-1.65545	9.69842	11.3539
BLOCK27/SES279/SA279S28	SES206	-0.974595	10.3793	11.3539
BLOCK29/SES290/SA290S12	SES162	-0.788798	9.02042	9.80922
BLOCK29/SES290/SA290S12	SES177	-0.836433	8.97279	9.80922
BLOCK29/SES290/SA290S12	SES180	-1.65893	8.1503	9.80922
BLOCK29/SES290/SA290S12	SES292	-1.52446	8.28476	9.80922
BLOCK29/SES290/SA290S13	SES007	-1.53959	8.60784	10.1474
BLOCK29/SES290/SA290S13	SES162	-2.71152	7.43591	10.1474
BLOCK29/SES290/SA290S13	SES177	-1.02981	9.11762	10.1474
BLOCK29/SES290/SA290S13	SES180	-1.26956	8.87787	10.1474
BLOCK29/SES290/SA290S22	SES177	-0.586967	8.499	9.08597
BLOCK29/SES290/SA290S22	SES180	-1.00186	8.08411	9.08597
BLOCK29/SES290/SA290S22	SES202	-1.03785	8.04812	9.08597
BLOCK29/SES290/SA290S22	SES292	-1.28417	7.80179	9.08597
BLOCK29/SES290/SA290S25	SES162	-1.01339	8.95613	9.96952
BLOCK29/SES290/SA290S25	SES177	-1.24632	8.7232	9.96952
BLOCK29/SES290/SA290S25	SES180	-1.00214	8.96739	9.96952
BLOCK29/SES290/SA290S25	SES292	-0.932215	9.03731	9.96952
BLOCK29/SES290/SA290S29	SES177	-0.474363	9.19969	9.67405
BLOCK29/SES290/SA290S29	SES180	-0.668756	9.0053	9.67405
BLOCK29/SES290/SA290S29	SES275	-1.2434	8.43065	9.67405
BLOCK29/SES290/SA290S29	SES292	-0.964581	8.70947	9.67405
BLOCK29/SES291/SA291S11	SES105	-3.16434	4.81237	7.97671
BLOCK29/SES291/SA291S11	SES125	-0.977356	6.99936	7.97671
BLOCK29/SES291/SA291S11	SES158	-1.21355	6.76316	7.97671
BLOCK29/SES291/SA291S11	SES275	-2.77039	5.20632	7.97671
BLOCK29/SES291/SA291S12	SES158	0.0941916	8.55153	8.45733
BLOCK29/SES291/SA291S12	SES226	-2.34314	6.11419	8.45733
BLOCK29/SES291/SA291S12	SES270	0.261312	8.71865	8.45733
BLOCK29/SES291/SA291S12	SES275	-3.82713	4.63021	8.45733
BLOCK29/SES291/SA291S22	SES082	-1.4812	7.61123	9.09243
BLOCK29/SES291/SA291S22	SES158	-1.38725	7.70518	9.09243
BLOCK29/SES291/SA291S22	SES259	-2.24797	6.84446	9.09243
BLOCK29/SES291/SA291S22	SES275	-3.27766	5.81476	9.09243
BLOCK29/SES291/SA291S24	SES104	-0.413513	9.59503	10.0085
BLOCK29/SES291/SA291S24	SES125	-0.937338	9.07121	10.0085
BLOCK29/SES291/SA291S24	SES158	-0.578467	9.43008	10.0085
BLOCK29/SES291/SA291S24	SES275	-2.955	7.05355	10.0085
BLOCK29/SES291/SA291S27	SES158	-0.0756054	9.37064	9.44625
BLOCK29/SES291/SA291S27	SES172	-3.83188	5.61437	9.44625
BLOCK29/SES291/SA291S27	SES275	-3.3761	6.07015	9.44625
BLOCK29/SES291/SA291S27	SES292	-1.93555	7.5107	9.44625
